2022-07-08 12:36:35.112 [restartedMain] INFO  com.xian.serviceorder.OrderApplication - Starting OrderApplication using Java 1.8.0_102 on LAPTOP-PN2G1EN8 with PID 22200 (E:\BootProject\guli_parent\service\service_order\target\classes started by Xian in E:\BootProject\guli_parent)
2022-07-08 12:36:35.122 [restartedMain] INFO  com.xian.serviceorder.OrderApplication - The following 1 profile is active: "dev"
2022-07-08 12:36:35.299 [restartedMain] INFO  o.s.b.d.env.DevToolsPropertyDefaultsPostProcessor - Devtools property defaults active! Set 'spring.devtools.add-properties' to 'false' to disable
2022-07-08 12:36:35.299 [restartedMain] INFO  o.s.b.d.env.DevToolsPropertyDefaultsPostProcessor - For additional web related logging consider setting the 'logging.level.web' property to 'DEBUG'
2022-07-08 12:36:37.077 [restartedMain] INFO  o.s.d.r.config.RepositoryConfigurationDelegate - Multiple Spring Data modules found, entering strict repository configuration mode!
2022-07-08 12:36:37.090 [restartedMain] INFO  o.s.d.r.config.RepositoryConfigurationDelegate - Bootstrapping Spring Data Redis repositories in DEFAULT mode.
2022-07-08 12:36:37.123 [restartedMain] INFO  o.s.d.r.config.RepositoryConfigurationDelegate - Finished Spring Data repository scanning in 12 ms. Found 0 Redis repository interfaces.
2022-07-08 12:36:37.623 [restartedMain] INFO  o.springframework.cloud.context.scope.GenericScope - BeanFactory id=3d4a81d9-1909-3e80-baa2-83ae5f61233e
2022-07-08 12:36:38.040 [restartedMain] INFO  o.s.c.s.PostProcessorRegistrationDelegate$BeanPostProcessorChecker - Bean 'org.springframework.cloud.commons.config.CommonsConfigAutoConfiguration' of type [org.springframework.cloud.commons.config.CommonsConfigAutoConfiguration] is not eligible for getting processed by all BeanPostProcessors (for example: not eligible for auto-proxying)
2022-07-08 12:36:38.046 [restartedMain] INFO  o.s.c.s.PostProcessorRegistrationDelegate$BeanPostProcessorChecker - Bean 'org.springframework.cloud.client.loadbalancer.LoadBalancerDefaultMappingsProviderAutoConfiguration' of type [org.springframework.cloud.client.loadbalancer.LoadBalancerDefaultMappingsProviderAutoConfiguration] is not eligible for getting processed by all BeanPostProcessors (for example: not eligible for auto-proxying)
2022-07-08 12:36:38.048 [restartedMain] INFO  o.s.c.s.PostProcessorRegistrationDelegate$BeanPostProcessorChecker - Bean 'loadBalancerClientsDefaultsMappingsProvider' of type [org.springframework.cloud.client.loadbalancer.LoadBalancerDefaultMappingsProviderAutoConfiguration$$Lambda$459/1981986848] is not eligible for getting processed by all BeanPostProcessors (for example: not eligible for auto-proxying)
2022-07-08 12:36:38.049 [restartedMain] INFO  o.s.c.s.PostProcessorRegistrationDelegate$BeanPostProcessorChecker - Bean 'defaultsBindHandlerAdvisor' of type [org.springframework.cloud.commons.config.DefaultsBindHandlerAdvisor] is not eligible for getting processed by all BeanPostProcessors (for example: not eligible for auto-proxying)
2022-07-08 12:36:38.063 [restartedMain] INFO  o.s.c.s.PostProcessorRegistrationDelegate$BeanPostProcessorChecker - Bean 'spring.cloud.sentinel-com.alibaba.cloud.sentinel.SentinelProperties' of type [com.alibaba.cloud.sentinel.SentinelProperties] is not eligible for getting processed by all BeanPostProcessors (for example: not eligible for auto-proxying)
2022-07-08 12:36:38.076 [restartedMain] INFO  o.s.c.s.PostProcessorRegistrationDelegate$BeanPostProcessorChecker - Bean 'com.alibaba.cloud.sentinel.custom.SentinelAutoConfiguration' of type [com.alibaba.cloud.sentinel.custom.SentinelAutoConfiguration] is not eligible for getting processed by all BeanPostProcessors (for example: not eligible for auto-proxying)
2022-07-08 12:36:38.909 [restartedMain] INFO  o.s.boot.web.embedded.tomcat.TomcatWebServer - Tomcat initialized with port(s): 8007 (http)
2022-07-08 12:36:38.909 [restartedMain] INFO  org.apache.catalina.core.AprLifecycleListener - Loaded Apache Tomcat Native library [1.2.30] using APR version [1.7.0].
2022-07-08 12:36:38.909 [restartedMain] INFO  org.apache.catalina.core.AprLifecycleListener - APR capabilities: IPv6 [true], sendfile [true], accept filters [false], random [true], UDS [true].
2022-07-08 12:36:38.909 [restartedMain] INFO  org.apache.catalina.core.AprLifecycleListener - APR/OpenSSL configuration: useAprConnector [false], useOpenSSL [true]
2022-07-08 12:36:38.909 [restartedMain] INFO  org.apache.catalina.core.AprLifecycleListener - OpenSSL successfully initialized [OpenSSL 1.1.1k  25 Mar 2021]
2022-07-08 12:36:38.919 [restartedMain] INFO  org.apache.coyote.http11.Http11NioProtocol - Initializing ProtocolHandler ["http-nio-8007"]
2022-07-08 12:36:38.919 [restartedMain] INFO  org.apache.catalina.core.StandardService - Starting service [Tomcat]
2022-07-08 12:36:38.919 [restartedMain] INFO  org.apache.catalina.core.StandardEngine - Starting Servlet engine: [Apache Tomcat/9.0.58]
2022-07-08 12:36:39.059 [restartedMain] INFO  o.a.c.core.ContainerBase.[Tomcat].[localhost].[/] - Initializing Spring embedded WebApplicationContext
2022-07-08 12:36:39.059 [restartedMain] INFO  o.s.b.w.s.c.ServletWebServerApplicationContext - Root WebApplicationContext: initialization completed in 3760 ms
2022-07-08 12:36:42.599 [restartedMain] INFO  o.s.cloud.openfeign.FeignClientFactoryBean - For 'service-edu' URL not provided. Will try picking an instance via load-balancing.
2022-07-08 12:36:43.400 [restartedMain] INFO  c.alibaba.cloud.sentinel.SentinelWebMvcConfigurer - [Sentinel Starter] register SentinelWebInterceptor with urlPatterns: [/**].
2022-07-08 12:36:47.419 [restartedMain] INFO  org.apache.coyote.http11.Http11NioProtocol - Starting ProtocolHandler ["http-nio-8007"]
2022-07-08 12:36:47.448 [restartedMain] INFO  o.s.boot.web.embedded.tomcat.TomcatWebServer - Tomcat started on port(s): 8007 (http) with context path ''
2022-07-08 12:36:47.498 [restartedMain] INFO  c.a.cloud.nacos.registry.NacosServiceRegistry - nacos registry, DEFAULT_GROUP service-order 192.168.83.1:8007 register finished
2022-07-08 12:36:48.794 [restartedMain] INFO  com.xian.serviceorder.OrderApplication - Started OrderApplication in 17.479 seconds (JVM running for 23.537)
