2022-07-18 00:21:27.045 [lettuce-eventExecutorLoop-7-4] INFO  io.lettuce.core.protocol.ConnectionWatchdog - Reconnecting, last destination was /121.40.219.144:6379
2022-07-18 00:21:27.143 [lettuce-nioEventLoop-9-2] INFO  io.lettuce.core.protocol.ReconnectionHandler - Reconnected to 121.40.219.144:6379
2022-07-18 00:38:10.946 [lettuce-eventExecutorLoop-7-7] INFO  io.lettuce.core.protocol.ConnectionWatchdog - Reconnecting, last destination was /121.40.219.144:6379
2022-07-18 00:38:11.027 [lettuce-nioEventLoop-9-3] INFO  io.lettuce.core.protocol.ReconnectionHandler - Reconnected to 121.40.219.144:6379
2022-07-18 00:49:04.429 [restartedMain] INFO  o.s.c.b.c.PropertySourceBootstrapConfiguration - Located property source: [BootstrapPropertySource {name='bootstrapProperties-service-edu-dev.yaml,ONLINE_EDUCATION'}, BootstrapPropertySource {name='bootstrapProperties-service-edu.yaml,ONLINE_EDUCATION'}, BootstrapPropertySource {name='bootstrapProperties-service-edu,ONLINE_EDUCATION'}]
2022-07-18 00:49:04.437 [restartedMain] INFO  com.xian.eduservice.EduApplication - The following 1 profile is active: "dev"
2022-07-18 00:49:07.162 [restartedMain] INFO  o.s.d.r.config.RepositoryConfigurationDelegate - Multiple Spring Data modules found, entering strict repository configuration mode!
2022-07-18 00:49:07.172 [restartedMain] INFO  o.s.d.r.config.RepositoryConfigurationDelegate - Bootstrapping Spring Data Redis repositories in DEFAULT mode.
2022-07-18 00:49:07.278 [restartedMain] INFO  o.s.d.r.config.RepositoryConfigurationDelegate - Finished Spring Data repository scanning in 49 ms. Found 0 Redis repository interfaces.
2022-07-18 00:49:08.495 [restartedMain] INFO  o.springframework.cloud.context.scope.GenericScope - BeanFactory id=878950d3-6a73-3c17-89f2-5cf7fd3a706e
2022-07-18 00:49:09.825 [restartedMain] INFO  o.s.c.s.PostProcessorRegistrationDelegate$BeanPostProcessorChecker - Bean 'org.springframework.cloud.commons.config.CommonsConfigAutoConfiguration' of type [org.springframework.cloud.commons.config.CommonsConfigAutoConfiguration] is not eligible for getting processed by all BeanPostProcessors (for example: not eligible for auto-proxying)
2022-07-18 00:49:09.845 [restartedMain] INFO  o.s.c.s.PostProcessorRegistrationDelegate$BeanPostProcessorChecker - Bean 'org.springframework.cloud.client.loadbalancer.LoadBalancerDefaultMappingsProviderAutoConfiguration' of type [org.springframework.cloud.client.loadbalancer.LoadBalancerDefaultMappingsProviderAutoConfiguration] is not eligible for getting processed by all BeanPostProcessors (for example: not eligible for auto-proxying)
2022-07-18 00:49:09.852 [restartedMain] INFO  o.s.c.s.PostProcessorRegistrationDelegate$BeanPostProcessorChecker - Bean 'loadBalancerClientsDefaultsMappingsProvider' of type [org.springframework.cloud.client.loadbalancer.LoadBalancerDefaultMappingsProviderAutoConfiguration$$Lambda$478/779245424] is not eligible for getting processed by all BeanPostProcessors (for example: not eligible for auto-proxying)
2022-07-18 00:49:09.898 [restartedMain] INFO  o.s.c.s.PostProcessorRegistrationDelegate$BeanPostProcessorChecker - Bean 'defaultsBindHandlerAdvisor' of type [org.springframework.cloud.commons.config.DefaultsBindHandlerAdvisor] is not eligible for getting processed by all BeanPostProcessors (for example: not eligible for auto-proxying)
2022-07-18 00:49:09.919 [restartedMain] INFO  o.s.c.s.PostProcessorRegistrationDelegate$BeanPostProcessorChecker - Bean 'spring.cloud.sentinel-com.alibaba.cloud.sentinel.SentinelProperties' of type [com.alibaba.cloud.sentinel.SentinelProperties] is not eligible for getting processed by all BeanPostProcessors (for example: not eligible for auto-proxying)
2022-07-18 00:49:09.950 [restartedMain] INFO  o.s.c.s.PostProcessorRegistrationDelegate$BeanPostProcessorChecker - Bean 'com.alibaba.cloud.sentinel.custom.SentinelAutoConfiguration' of type [com.alibaba.cloud.sentinel.custom.SentinelAutoConfiguration] is not eligible for getting processed by all BeanPostProcessors (for example: not eligible for auto-proxying)
2022-07-18 00:49:12.776 [restartedMain] INFO  o.s.boot.web.embedded.tomcat.TomcatWebServer - Tomcat initialized with port(s): 8001 (http)
2022-07-18 00:49:12.778 [restartedMain] INFO  org.apache.catalina.core.AprLifecycleListener - Loaded Apache Tomcat Native library [1.2.30] using APR version [1.7.0].
2022-07-18 00:49:12.779 [restartedMain] INFO  org.apache.catalina.core.AprLifecycleListener - APR capabilities: IPv6 [true], sendfile [true], accept filters [false], random [true], UDS [true].
2022-07-18 00:49:12.779 [restartedMain] INFO  org.apache.catalina.core.AprLifecycleListener - APR/OpenSSL configuration: useAprConnector [false], useOpenSSL [true]
2022-07-18 00:49:12.793 [restartedMain] INFO  org.apache.catalina.core.AprLifecycleListener - OpenSSL successfully initialized [OpenSSL 1.1.1k  25 Mar 2021]
2022-07-18 00:49:12.851 [restartedMain] INFO  org.apache.coyote.http11.Http11NioProtocol - Initializing ProtocolHandler ["http-nio-8001"]
2022-07-18 00:49:12.852 [restartedMain] INFO  org.apache.catalina.core.StandardService - Starting service [Tomcat]
2022-07-18 00:49:12.853 [restartedMain] INFO  org.apache.catalina.core.StandardEngine - Starting Servlet engine: [Apache Tomcat/9.0.58]
2022-07-18 00:49:13.732 [restartedMain] INFO  o.a.c.core.ContainerBase.[Tomcat].[localhost].[/] - Initializing Spring embedded WebApplicationContext
2022-07-18 00:49:13.733 [restartedMain] INFO  o.s.b.w.s.c.ServletWebServerApplicationContext - Root WebApplicationContext: initialization completed in 9274 ms
2022-07-18 00:49:27.946 [restartedMain] INFO  o.s.cloud.openfeign.FeignClientFactoryBean - For 'service-vod' URL not provided. Will try picking an instance via load-balancing.
2022-07-18 00:49:29.328 [restartedMain] INFO  c.alibaba.cloud.sentinel.SentinelWebMvcConfigurer - [Sentinel Starter] register SentinelWebInterceptor with urlPatterns: [/**].
2022-07-18 00:49:36.270 [restartedMain] INFO  org.apache.coyote.http11.Http11NioProtocol - Starting ProtocolHandler ["http-nio-8001"]
2022-07-18 00:49:36.604 [restartedMain] INFO  o.s.boot.web.embedded.tomcat.TomcatWebServer - Tomcat started on port(s): 8001 (http) with context path ''
2022-07-18 00:49:36.672 [restartedMain] INFO  c.a.cloud.nacos.registry.NacosServiceRegistry - nacos registry, DEFAULT_GROUP service-edu 192.168.83.1:8001 register finished
2022-07-18 00:49:38.843 [restartedMain] INFO  com.xian.eduservice.EduApplication - Started EduApplication in 40.561 seconds (JVM running for 44.641)
2022-07-18 00:49:38.854 [restartedMain] INFO  c.a.cloud.nacos.refresh.NacosContextRefresher - listening config: dataId=service-edu-dev.yaml, group=ONLINE_EDUCATION
2022-07-18 00:49:38.855 [restartedMain] INFO  c.a.cloud.nacos.refresh.NacosContextRefresher - listening config: dataId=service-edu.yaml, group=ONLINE_EDUCATION
2022-07-18 00:49:38.856 [restartedMain] INFO  c.a.cloud.nacos.refresh.NacosContextRefresher - listening config: dataId=service-edu, group=ONLINE_EDUCATION
2022-07-18 01:00:00.016 [scheduling-1] INFO  com.zaxxer.hikari.HikariDataSource - HikariPool-1 - Starting...
2022-07-18 01:00:00.995 [scheduling-1] INFO  com.zaxxer.hikari.HikariDataSource - HikariPool-1 - Start completed.
2022-07-18 01:00:01.006 [scheduling-1] INFO  com.xian.eduservice.schedule.VideoTasks - start to update video play Count...
2022-07-18 01:00:03.459 [scheduling-1] INFO  com.xian.eduservice.schedule.VideoTasks - update view Count finish! 
2022-07-18 01:00:03.467 [scheduling-1] INFO  com.xian.eduservice.schedule.CourseTasks - start to update course view count...
2022-07-18 01:00:03.666 [scheduling-1] INFO  com.xian.eduservice.schedule.CourseTasks - update course view count finish
2022-07-18 01:00:03.666 [scheduling-1] INFO  com.xian.eduservice.schedule.CourseTasks - start to update course buy count...
2022-07-18 01:00:03.753 [scheduling-1] INFO  com.xian.eduservice.schedule.CourseTasks - update course buy count finish
2022-07-18 01:02:12.685 [http-nio-8001-exec-3] INFO  o.a.c.core.ContainerBase.[Tomcat].[localhost].[/] - Initializing Spring DispatcherServlet 'dispatcherServlet'
2022-07-18 01:02:12.686 [http-nio-8001-exec-3] INFO  org.springframework.web.servlet.DispatcherServlet - Initializing Servlet 'dispatcherServlet'
2022-07-18 01:02:12.688 [http-nio-8001-exec-3] INFO  org.springframework.web.servlet.DispatcherServlet - Completed initialization in 2 ms
2022-07-18 01:11:29.883 [lettuce-eventExecutorLoop-1-1] INFO  io.lettuce.core.protocol.ConnectionWatchdog - Reconnecting, last destination was /121.40.219.144:6379
2022-07-18 01:11:29.981 [lettuce-nioEventLoop-4-2] INFO  io.lettuce.core.protocol.ReconnectionHandler - Reconnected to 121.40.219.144:6379
2022-07-18 01:23:23.277 [lettuce-eventExecutorLoop-1-6] INFO  io.lettuce.core.protocol.ConnectionWatchdog - Reconnecting, last destination was /121.40.219.144:6379
2022-07-18 01:23:23.376 [lettuce-nioEventLoop-4-3] INFO  io.lettuce.core.protocol.ReconnectionHandler - Reconnected to 121.40.219.144:6379
2022-07-18 16:13:06.532 [restartedMain] INFO  o.s.c.b.c.PropertySourceBootstrapConfiguration - Located property source: [BootstrapPropertySource {name='bootstrapProperties-service-edu-dev.yaml,ONLINE_EDUCATION'}, BootstrapPropertySource {name='bootstrapProperties-service-edu.yaml,ONLINE_EDUCATION'}, BootstrapPropertySource {name='bootstrapProperties-service-edu,ONLINE_EDUCATION'}]
2022-07-18 16:13:06.542 [restartedMain] INFO  com.xian.eduservice.EduApplication - The following 1 profile is active: "dev"
2022-07-18 16:13:09.100 [restartedMain] INFO  o.s.d.r.config.RepositoryConfigurationDelegate - Multiple Spring Data modules found, entering strict repository configuration mode!
2022-07-18 16:13:09.106 [restartedMain] INFO  o.s.d.r.config.RepositoryConfigurationDelegate - Bootstrapping Spring Data Redis repositories in DEFAULT mode.
2022-07-18 16:13:09.171 [restartedMain] INFO  o.s.d.r.config.RepositoryConfigurationDelegate - Finished Spring Data repository scanning in 29 ms. Found 0 Redis repository interfaces.
2022-07-18 16:13:10.132 [restartedMain] INFO  o.springframework.cloud.context.scope.GenericScope - BeanFactory id=878950d3-6a73-3c17-89f2-5cf7fd3a706e
2022-07-18 16:13:11.556 [restartedMain] INFO  o.s.c.s.PostProcessorRegistrationDelegate$BeanPostProcessorChecker - Bean 'org.springframework.cloud.commons.config.CommonsConfigAutoConfiguration' of type [org.springframework.cloud.commons.config.CommonsConfigAutoConfiguration] is not eligible for getting processed by all BeanPostProcessors (for example: not eligible for auto-proxying)
2022-07-18 16:13:11.573 [restartedMain] INFO  o.s.c.s.PostProcessorRegistrationDelegate$BeanPostProcessorChecker - Bean 'org.springframework.cloud.client.loadbalancer.LoadBalancerDefaultMappingsProviderAutoConfiguration' of type [org.springframework.cloud.client.loadbalancer.LoadBalancerDefaultMappingsProviderAutoConfiguration] is not eligible for getting processed by all BeanPostProcessors (for example: not eligible for auto-proxying)
2022-07-18 16:13:11.580 [restartedMain] INFO  o.s.c.s.PostProcessorRegistrationDelegate$BeanPostProcessorChecker - Bean 'loadBalancerClientsDefaultsMappingsProvider' of type [org.springframework.cloud.client.loadbalancer.LoadBalancerDefaultMappingsProviderAutoConfiguration$$Lambda$478/1912135981] is not eligible for getting processed by all BeanPostProcessors (for example: not eligible for auto-proxying)
2022-07-18 16:13:11.627 [restartedMain] INFO  o.s.c.s.PostProcessorRegistrationDelegate$BeanPostProcessorChecker - Bean 'defaultsBindHandlerAdvisor' of type [org.springframework.cloud.commons.config.DefaultsBindHandlerAdvisor] is not eligible for getting processed by all BeanPostProcessors (for example: not eligible for auto-proxying)
2022-07-18 16:13:11.666 [restartedMain] INFO  o.s.c.s.PostProcessorRegistrationDelegate$BeanPostProcessorChecker - Bean 'spring.cloud.sentinel-com.alibaba.cloud.sentinel.SentinelProperties' of type [com.alibaba.cloud.sentinel.SentinelProperties] is not eligible for getting processed by all BeanPostProcessors (for example: not eligible for auto-proxying)
2022-07-18 16:13:11.685 [restartedMain] INFO  o.s.c.s.PostProcessorRegistrationDelegate$BeanPostProcessorChecker - Bean 'com.alibaba.cloud.sentinel.custom.SentinelAutoConfiguration' of type [com.alibaba.cloud.sentinel.custom.SentinelAutoConfiguration] is not eligible for getting processed by all BeanPostProcessors (for example: not eligible for auto-proxying)
2022-07-18 16:13:13.749 [restartedMain] INFO  o.s.boot.web.embedded.tomcat.TomcatWebServer - Tomcat initialized with port(s): 8001 (http)
2022-07-18 16:13:13.752 [restartedMain] INFO  org.apache.catalina.core.AprLifecycleListener - Loaded Apache Tomcat Native library [1.2.30] using APR version [1.7.0].
2022-07-18 16:13:13.752 [restartedMain] INFO  org.apache.catalina.core.AprLifecycleListener - APR capabilities: IPv6 [true], sendfile [true], accept filters [false], random [true], UDS [true].
2022-07-18 16:13:13.753 [restartedMain] INFO  org.apache.catalina.core.AprLifecycleListener - APR/OpenSSL configuration: useAprConnector [false], useOpenSSL [true]
2022-07-18 16:13:13.765 [restartedMain] INFO  org.apache.catalina.core.AprLifecycleListener - OpenSSL successfully initialized [OpenSSL 1.1.1k  25 Mar 2021]
2022-07-18 16:13:13.787 [restartedMain] INFO  org.apache.coyote.http11.Http11NioProtocol - Initializing ProtocolHandler ["http-nio-8001"]
2022-07-18 16:13:13.789 [restartedMain] INFO  org.apache.catalina.core.StandardService - Starting service [Tomcat]
2022-07-18 16:13:13.793 [restartedMain] INFO  org.apache.catalina.core.StandardEngine - Starting Servlet engine: [Apache Tomcat/9.0.58]
2022-07-18 16:13:14.357 [restartedMain] INFO  o.a.c.core.ContainerBase.[Tomcat].[localhost].[/] - Initializing Spring embedded WebApplicationContext
2022-07-18 16:13:14.359 [restartedMain] INFO  o.s.b.w.s.c.ServletWebServerApplicationContext - Root WebApplicationContext: initialization completed in 7777 ms
2022-07-18 16:13:23.882 [restartedMain] INFO  o.s.cloud.openfeign.FeignClientFactoryBean - For 'service-vod' URL not provided. Will try picking an instance via load-balancing.
2022-07-18 16:13:25.441 [restartedMain] INFO  c.alibaba.cloud.sentinel.SentinelWebMvcConfigurer - [Sentinel Starter] register SentinelWebInterceptor with urlPatterns: [/**].
2022-07-18 16:13:38.273 [restartedMain] INFO  org.apache.coyote.http11.Http11NioProtocol - Starting ProtocolHandler ["http-nio-8001"]
2022-07-18 16:13:38.800 [restartedMain] INFO  o.s.boot.web.embedded.tomcat.TomcatWebServer - Tomcat started on port(s): 8001 (http) with context path ''
2022-07-18 16:13:38.882 [restartedMain] INFO  c.a.cloud.nacos.registry.NacosServiceRegistry - nacos registry, DEFAULT_GROUP service-edu 192.168.83.1:8001 register finished
2022-07-18 16:13:43.838 [restartedMain] INFO  com.xian.eduservice.EduApplication - Started EduApplication in 47.912 seconds (JVM running for 51.771)
2022-07-18 16:13:43.869 [restartedMain] INFO  c.a.cloud.nacos.refresh.NacosContextRefresher - listening config: dataId=service-edu-dev.yaml, group=ONLINE_EDUCATION
2022-07-18 16:13:43.871 [restartedMain] INFO  c.a.cloud.nacos.refresh.NacosContextRefresher - listening config: dataId=service-edu.yaml, group=ONLINE_EDUCATION
2022-07-18 16:13:43.873 [restartedMain] INFO  c.a.cloud.nacos.refresh.NacosContextRefresher - listening config: dataId=service-edu, group=ONLINE_EDUCATION
2022-07-18 16:16:52.111 [http-nio-8001-exec-1] INFO  o.a.c.core.ContainerBase.[Tomcat].[localhost].[/] - Initializing Spring DispatcherServlet 'dispatcherServlet'
2022-07-18 16:16:52.112 [http-nio-8001-exec-1] INFO  org.springframework.web.servlet.DispatcherServlet - Initializing Servlet 'dispatcherServlet'
2022-07-18 16:16:52.114 [http-nio-8001-exec-1] INFO  org.springframework.web.servlet.DispatcherServlet - Completed initialization in 2 ms
2022-07-18 16:16:52.396 [http-nio-8001-exec-1] INFO  com.zaxxer.hikari.HikariDataSource - HikariPool-1 - Starting...
2022-07-18 16:16:53.479 [http-nio-8001-exec-1] INFO  com.zaxxer.hikari.HikariDataSource - HikariPool-1 - Start completed.
2022-07-18 16:26:56.934 [com.alibaba.nacos.client.Worker.longPolling.fixed-121.40.219.144_8848-57059aae-a647-4afe-b785-51f7c4c54874] INFO  o.s.b.d.env.DevToolsPropertyDefaultsPostProcessor - Devtools property defaults active! Set 'spring.devtools.add-properties' to 'false' to disable
2022-07-18 16:26:57.132 [com.alibaba.nacos.client.Worker.longPolling.fixed-121.40.219.144_8848-57059aae-a647-4afe-b785-51f7c4c54874] INFO  o.s.c.b.c.PropertySourceBootstrapConfiguration - Located property source: [BootstrapPropertySource {name='bootstrapProperties-service-edu-dev.yaml,ONLINE_EDUCATION'}, BootstrapPropertySource {name='bootstrapProperties-service-edu.yaml,ONLINE_EDUCATION'}, BootstrapPropertySource {name='bootstrapProperties-service-edu,ONLINE_EDUCATION'}]
2022-07-18 16:26:57.134 [com.alibaba.nacos.client.Worker.longPolling.fixed-121.40.219.144_8848-57059aae-a647-4afe-b785-51f7c4c54874] INFO  org.springframework.boot.SpringApplication - The following 1 profile is active: "dev"
2022-07-18 16:26:57.145 [com.alibaba.nacos.client.Worker.longPolling.fixed-121.40.219.144_8848-57059aae-a647-4afe-b785-51f7c4c54874] INFO  org.springframework.boot.SpringApplication - Started application in 1.3 seconds (JVM running for 845.079)
2022-07-18 16:26:57.197 [com.alibaba.nacos.client.Worker.longPolling.fixed-121.40.219.144_8848-57059aae-a647-4afe-b785-51f7c4c54874] INFO  o.s.cloud.endpoint.event.RefreshEventListener - Refresh keys changed: [spring.redis.lettuce.pool.max-active, spring.redis.jedis.pool.max-active]
2022-07-18 16:28:45.373 [restartedMain] INFO  o.s.c.b.c.PropertySourceBootstrapConfiguration - Located property source: [BootstrapPropertySource {name='bootstrapProperties-service-edu-dev.yaml,ONLINE_EDUCATION'}, BootstrapPropertySource {name='bootstrapProperties-service-edu.yaml,ONLINE_EDUCATION'}, BootstrapPropertySource {name='bootstrapProperties-service-edu,ONLINE_EDUCATION'}]
2022-07-18 16:28:45.387 [restartedMain] INFO  com.xian.eduservice.EduApplication - The following 1 profile is active: "dev"
2022-07-18 16:28:50.399 [restartedMain] INFO  o.s.d.r.config.RepositoryConfigurationDelegate - Multiple Spring Data modules found, entering strict repository configuration mode!
2022-07-18 16:28:50.412 [restartedMain] INFO  o.s.d.r.config.RepositoryConfigurationDelegate - Bootstrapping Spring Data Redis repositories in DEFAULT mode.
2022-07-18 16:28:50.536 [restartedMain] INFO  o.s.d.r.config.RepositoryConfigurationDelegate - Finished Spring Data repository scanning in 46 ms. Found 0 Redis repository interfaces.
2022-07-18 16:28:51.553 [restartedMain] INFO  o.springframework.cloud.context.scope.GenericScope - BeanFactory id=878950d3-6a73-3c17-89f2-5cf7fd3a706e
2022-07-18 16:28:52.517 [restartedMain] INFO  o.s.c.s.PostProcessorRegistrationDelegate$BeanPostProcessorChecker - Bean 'org.springframework.cloud.commons.config.CommonsConfigAutoConfiguration' of type [org.springframework.cloud.commons.config.CommonsConfigAutoConfiguration] is not eligible for getting processed by all BeanPostProcessors (for example: not eligible for auto-proxying)
2022-07-18 16:28:52.638 [restartedMain] INFO  o.s.c.s.PostProcessorRegistrationDelegate$BeanPostProcessorChecker - Bean 'org.springframework.cloud.client.loadbalancer.LoadBalancerDefaultMappingsProviderAutoConfiguration' of type [org.springframework.cloud.client.loadbalancer.LoadBalancerDefaultMappingsProviderAutoConfiguration] is not eligible for getting processed by all BeanPostProcessors (for example: not eligible for auto-proxying)
2022-07-18 16:28:52.643 [restartedMain] INFO  o.s.c.s.PostProcessorRegistrationDelegate$BeanPostProcessorChecker - Bean 'loadBalancerClientsDefaultsMappingsProvider' of type [org.springframework.cloud.client.loadbalancer.LoadBalancerDefaultMappingsProviderAutoConfiguration$$Lambda$478/588445064] is not eligible for getting processed by all BeanPostProcessors (for example: not eligible for auto-proxying)
2022-07-18 16:28:52.663 [restartedMain] INFO  o.s.c.s.PostProcessorRegistrationDelegate$BeanPostProcessorChecker - Bean 'defaultsBindHandlerAdvisor' of type [org.springframework.cloud.commons.config.DefaultsBindHandlerAdvisor] is not eligible for getting processed by all BeanPostProcessors (for example: not eligible for auto-proxying)
2022-07-18 16:28:52.688 [restartedMain] INFO  o.s.c.s.PostProcessorRegistrationDelegate$BeanPostProcessorChecker - Bean 'spring.cloud.sentinel-com.alibaba.cloud.sentinel.SentinelProperties' of type [com.alibaba.cloud.sentinel.SentinelProperties] is not eligible for getting processed by all BeanPostProcessors (for example: not eligible for auto-proxying)
2022-07-18 16:28:52.712 [restartedMain] INFO  o.s.c.s.PostProcessorRegistrationDelegate$BeanPostProcessorChecker - Bean 'com.alibaba.cloud.sentinel.custom.SentinelAutoConfiguration' of type [com.alibaba.cloud.sentinel.custom.SentinelAutoConfiguration] is not eligible for getting processed by all BeanPostProcessors (for example: not eligible for auto-proxying)
2022-07-18 16:28:54.350 [restartedMain] INFO  o.s.boot.web.embedded.tomcat.TomcatWebServer - Tomcat initialized with port(s): 8001 (http)
2022-07-18 16:28:54.352 [restartedMain] INFO  org.apache.catalina.core.AprLifecycleListener - Loaded Apache Tomcat Native library [1.2.30] using APR version [1.7.0].
2022-07-18 16:28:54.353 [restartedMain] INFO  org.apache.catalina.core.AprLifecycleListener - APR capabilities: IPv6 [true], sendfile [true], accept filters [false], random [true], UDS [true].
2022-07-18 16:28:54.353 [restartedMain] INFO  org.apache.catalina.core.AprLifecycleListener - APR/OpenSSL configuration: useAprConnector [false], useOpenSSL [true]
2022-07-18 16:28:54.363 [restartedMain] INFO  org.apache.catalina.core.AprLifecycleListener - OpenSSL successfully initialized [OpenSSL 1.1.1k  25 Mar 2021]
2022-07-18 16:28:54.380 [restartedMain] INFO  org.apache.coyote.http11.Http11NioProtocol - Initializing ProtocolHandler ["http-nio-8001"]
2022-07-18 16:28:54.382 [restartedMain] INFO  org.apache.catalina.core.StandardService - Starting service [Tomcat]
2022-07-18 16:28:54.382 [restartedMain] INFO  org.apache.catalina.core.StandardEngine - Starting Servlet engine: [Apache Tomcat/9.0.58]
2022-07-18 16:28:54.810 [restartedMain] INFO  o.a.c.core.ContainerBase.[Tomcat].[localhost].[/] - Initializing Spring embedded WebApplicationContext
2022-07-18 16:28:54.811 [restartedMain] INFO  o.s.b.w.s.c.ServletWebServerApplicationContext - Root WebApplicationContext: initialization completed in 9383 ms
2022-07-18 16:29:06.301 [restartedMain] INFO  o.s.cloud.openfeign.FeignClientFactoryBean - For 'service-vod' URL not provided. Will try picking an instance via load-balancing.
2022-07-18 16:29:08.311 [restartedMain] INFO  c.alibaba.cloud.sentinel.SentinelWebMvcConfigurer - [Sentinel Starter] register SentinelWebInterceptor with urlPatterns: [/**].
2022-07-18 16:29:17.080 [restartedMain] INFO  org.apache.coyote.http11.Http11NioProtocol - Starting ProtocolHandler ["http-nio-8001"]
2022-07-18 16:29:17.450 [restartedMain] INFO  o.s.boot.web.embedded.tomcat.TomcatWebServer - Tomcat started on port(s): 8001 (http) with context path ''
2022-07-18 16:29:17.526 [restartedMain] INFO  c.a.cloud.nacos.registry.NacosServiceRegistry - nacos registry, DEFAULT_GROUP service-edu 192.168.83.1:8001 register finished
2022-07-18 16:29:21.767 [restartedMain] INFO  com.xian.eduservice.EduApplication - Started EduApplication in 46.716 seconds (JVM running for 53.707)
2022-07-18 16:29:21.782 [restartedMain] INFO  c.a.cloud.nacos.refresh.NacosContextRefresher - listening config: dataId=service-edu-dev.yaml, group=ONLINE_EDUCATION
2022-07-18 16:29:21.784 [restartedMain] INFO  c.a.cloud.nacos.refresh.NacosContextRefresher - listening config: dataId=service-edu.yaml, group=ONLINE_EDUCATION
2022-07-18 16:29:21.786 [restartedMain] INFO  c.a.cloud.nacos.refresh.NacosContextRefresher - listening config: dataId=service-edu, group=ONLINE_EDUCATION
2022-07-18 16:31:46.730 [http-nio-8001-exec-1] INFO  o.a.c.core.ContainerBase.[Tomcat].[localhost].[/] - Initializing Spring DispatcherServlet 'dispatcherServlet'
2022-07-18 16:31:46.731 [http-nio-8001-exec-1] INFO  org.springframework.web.servlet.DispatcherServlet - Initializing Servlet 'dispatcherServlet'
2022-07-18 16:31:46.733 [http-nio-8001-exec-1] INFO  org.springframework.web.servlet.DispatcherServlet - Completed initialization in 2 ms
2022-07-18 16:31:47.035 [http-nio-8001-exec-1] INFO  com.zaxxer.hikari.HikariDataSource - HikariPool-1 - Starting...
2022-07-18 16:31:48.196 [http-nio-8001-exec-1] INFO  com.zaxxer.hikari.HikariDataSource - HikariPool-1 - Start completed.
2022-07-18 16:48:57.966 [Thread-2] INFO  c.a.cloud.nacos.registry.NacosServiceRegistry - De-registering from Nacos Server now...
2022-07-18 16:48:58.027 [Thread-2] INFO  c.a.cloud.nacos.registry.NacosServiceRegistry - De-registration finished.
2022-07-18 16:49:05.481 [Thread-2] INFO  com.zaxxer.hikari.HikariDataSource - HikariPool-1 - Shutdown initiated...
2022-07-18 16:49:05.534 [Thread-2] INFO  com.zaxxer.hikari.HikariDataSource - HikariPool-1 - Shutdown completed.
2022-07-18 16:49:17.178 [restartedMain] INFO  o.s.c.b.c.PropertySourceBootstrapConfiguration - Located property source: [BootstrapPropertySource {name='bootstrapProperties-service-edu-dev.yaml,ONLINE_EDUCATION'}, BootstrapPropertySource {name='bootstrapProperties-service-edu.yaml,ONLINE_EDUCATION'}, BootstrapPropertySource {name='bootstrapProperties-service-edu,ONLINE_EDUCATION'}]
2022-07-18 16:49:17.184 [restartedMain] INFO  com.xian.eduservice.EduApplication - The following 1 profile is active: "dev"
2022-07-18 16:49:19.009 [restartedMain] INFO  o.s.d.r.config.RepositoryConfigurationDelegate - Multiple Spring Data modules found, entering strict repository configuration mode!
2022-07-18 16:49:19.010 [restartedMain] INFO  o.s.d.r.config.RepositoryConfigurationDelegate - Bootstrapping Spring Data Redis repositories in DEFAULT mode.
2022-07-18 16:49:19.043 [restartedMain] INFO  o.s.d.r.config.RepositoryConfigurationDelegate - Finished Spring Data repository scanning in 32 ms. Found 0 Redis repository interfaces.
2022-07-18 16:49:19.352 [restartedMain] INFO  o.springframework.cloud.context.scope.GenericScope - BeanFactory id=878950d3-6a73-3c17-89f2-5cf7fd3a706e
2022-07-18 16:49:19.548 [restartedMain] INFO  o.s.c.s.PostProcessorRegistrationDelegate$BeanPostProcessorChecker - Bean 'org.springframework.cloud.commons.config.CommonsConfigAutoConfiguration' of type [org.springframework.cloud.commons.config.CommonsConfigAutoConfiguration] is not eligible for getting processed by all BeanPostProcessors (for example: not eligible for auto-proxying)
2022-07-18 16:49:19.552 [restartedMain] INFO  o.s.c.s.PostProcessorRegistrationDelegate$BeanPostProcessorChecker - Bean 'org.springframework.cloud.client.loadbalancer.LoadBalancerDefaultMappingsProviderAutoConfiguration' of type [org.springframework.cloud.client.loadbalancer.LoadBalancerDefaultMappingsProviderAutoConfiguration] is not eligible for getting processed by all BeanPostProcessors (for example: not eligible for auto-proxying)
2022-07-18 16:49:19.554 [restartedMain] INFO  o.s.c.s.PostProcessorRegistrationDelegate$BeanPostProcessorChecker - Bean 'loadBalancerClientsDefaultsMappingsProvider' of type [org.springframework.cloud.client.loadbalancer.LoadBalancerDefaultMappingsProviderAutoConfiguration$$Lambda$478/588445064] is not eligible for getting processed by all BeanPostProcessors (for example: not eligible for auto-proxying)
2022-07-18 16:49:19.569 [restartedMain] INFO  o.s.c.s.PostProcessorRegistrationDelegate$BeanPostProcessorChecker - Bean 'defaultsBindHandlerAdvisor' of type [org.springframework.cloud.commons.config.DefaultsBindHandlerAdvisor] is not eligible for getting processed by all BeanPostProcessors (for example: not eligible for auto-proxying)
2022-07-18 16:49:19.579 [restartedMain] INFO  o.s.c.s.PostProcessorRegistrationDelegate$BeanPostProcessorChecker - Bean 'spring.cloud.sentinel-com.alibaba.cloud.sentinel.SentinelProperties' of type [com.alibaba.cloud.sentinel.SentinelProperties] is not eligible for getting processed by all BeanPostProcessors (for example: not eligible for auto-proxying)
2022-07-18 16:49:19.585 [restartedMain] INFO  o.s.c.s.PostProcessorRegistrationDelegate$BeanPostProcessorChecker - Bean 'com.alibaba.cloud.sentinel.custom.SentinelAutoConfiguration' of type [com.alibaba.cloud.sentinel.custom.SentinelAutoConfiguration] is not eligible for getting processed by all BeanPostProcessors (for example: not eligible for auto-proxying)
2022-07-18 16:49:20.186 [restartedMain] INFO  o.s.boot.web.embedded.tomcat.TomcatWebServer - Tomcat initialized with port(s): 8001 (http)
2022-07-18 16:49:20.186 [restartedMain] INFO  org.apache.catalina.core.AprLifecycleListener - Loaded Apache Tomcat Native library [1.2.30] using APR version [1.7.0].
2022-07-18 16:49:20.187 [restartedMain] INFO  org.apache.catalina.core.AprLifecycleListener - APR capabilities: IPv6 [true], sendfile [true], accept filters [false], random [true], UDS [true].
2022-07-18 16:49:20.187 [restartedMain] INFO  org.apache.catalina.core.AprLifecycleListener - APR/OpenSSL configuration: useAprConnector [false], useOpenSSL [true]
2022-07-18 16:49:20.188 [restartedMain] INFO  org.apache.catalina.core.AprLifecycleListener - OpenSSL successfully initialized [OpenSSL 1.1.1k  25 Mar 2021]
2022-07-18 16:49:20.192 [restartedMain] INFO  org.apache.coyote.http11.Http11NioProtocol - Initializing ProtocolHandler ["http-nio-8001"]
2022-07-18 16:49:20.193 [restartedMain] INFO  org.apache.catalina.core.StandardService - Starting service [Tomcat]
2022-07-18 16:49:20.194 [restartedMain] INFO  org.apache.catalina.core.StandardEngine - Starting Servlet engine: [Apache Tomcat/9.0.58]
2022-07-18 16:49:20.318 [restartedMain] INFO  o.a.c.core.ContainerBase.[Tomcat].[localhost].[/] - Initializing Spring embedded WebApplicationContext
2022-07-18 16:49:20.319 [restartedMain] INFO  o.s.b.w.s.c.ServletWebServerApplicationContext - Root WebApplicationContext: initialization completed in 3126 ms
2022-07-18 16:49:29.989 [restartedMain] INFO  o.s.cloud.openfeign.FeignClientFactoryBean - For 'service-vod' URL not provided. Will try picking an instance via load-balancing.
2022-07-18 16:49:31.313 [restartedMain] INFO  c.alibaba.cloud.sentinel.SentinelWebMvcConfigurer - [Sentinel Starter] register SentinelWebInterceptor with urlPatterns: [/**].
2022-07-18 16:49:49.738 [restartedMain] INFO  o.s.b.d.env.DevToolsPropertyDefaultsPostProcessor - Devtools property defaults active! Set 'spring.devtools.add-properties' to 'false' to disable
2022-07-18 16:49:56.487 [restartedMain] INFO  o.s.c.b.c.PropertySourceBootstrapConfiguration - Located property source: [BootstrapPropertySource {name='bootstrapProperties-service-edu-dev.yaml,ONLINE_EDUCATION'}, BootstrapPropertySource {name='bootstrapProperties-service-edu.yaml,ONLINE_EDUCATION'}, BootstrapPropertySource {name='bootstrapProperties-service-edu,ONLINE_EDUCATION'}]
2022-07-18 16:49:56.500 [restartedMain] INFO  com.xian.eduservice.EduApplication - The following 1 profile is active: "dev"
2022-07-18 16:49:58.206 [restartedMain] INFO  o.s.d.r.config.RepositoryConfigurationDelegate - Multiple Spring Data modules found, entering strict repository configuration mode!
2022-07-18 16:49:58.207 [restartedMain] INFO  o.s.d.r.config.RepositoryConfigurationDelegate - Bootstrapping Spring Data Redis repositories in DEFAULT mode.
2022-07-18 16:49:58.234 [restartedMain] INFO  o.s.d.r.config.RepositoryConfigurationDelegate - Finished Spring Data repository scanning in 26 ms. Found 0 Redis repository interfaces.
2022-07-18 16:49:58.521 [restartedMain] INFO  o.springframework.cloud.context.scope.GenericScope - BeanFactory id=878950d3-6a73-3c17-89f2-5cf7fd3a706e
2022-07-18 16:49:58.705 [restartedMain] INFO  o.s.c.s.PostProcessorRegistrationDelegate$BeanPostProcessorChecker - Bean 'org.springframework.cloud.commons.config.CommonsConfigAutoConfiguration' of type [org.springframework.cloud.commons.config.CommonsConfigAutoConfiguration] is not eligible for getting processed by all BeanPostProcessors (for example: not eligible for auto-proxying)
2022-07-18 16:49:58.709 [restartedMain] INFO  o.s.c.s.PostProcessorRegistrationDelegate$BeanPostProcessorChecker - Bean 'org.springframework.cloud.client.loadbalancer.LoadBalancerDefaultMappingsProviderAutoConfiguration' of type [org.springframework.cloud.client.loadbalancer.LoadBalancerDefaultMappingsProviderAutoConfiguration] is not eligible for getting processed by all BeanPostProcessors (for example: not eligible for auto-proxying)
2022-07-18 16:49:58.711 [restartedMain] INFO  o.s.c.s.PostProcessorRegistrationDelegate$BeanPostProcessorChecker - Bean 'loadBalancerClientsDefaultsMappingsProvider' of type [org.springframework.cloud.client.loadbalancer.LoadBalancerDefaultMappingsProviderAutoConfiguration$$Lambda$478/588445064] is not eligible for getting processed by all BeanPostProcessors (for example: not eligible for auto-proxying)
2022-07-18 16:49:58.731 [restartedMain] INFO  o.s.c.s.PostProcessorRegistrationDelegate$BeanPostProcessorChecker - Bean 'defaultsBindHandlerAdvisor' of type [org.springframework.cloud.commons.config.DefaultsBindHandlerAdvisor] is not eligible for getting processed by all BeanPostProcessors (for example: not eligible for auto-proxying)
2022-07-18 16:49:58.748 [restartedMain] INFO  o.s.c.s.PostProcessorRegistrationDelegate$BeanPostProcessorChecker - Bean 'spring.cloud.sentinel-com.alibaba.cloud.sentinel.SentinelProperties' of type [com.alibaba.cloud.sentinel.SentinelProperties] is not eligible for getting processed by all BeanPostProcessors (for example: not eligible for auto-proxying)
2022-07-18 16:49:58.755 [restartedMain] INFO  o.s.c.s.PostProcessorRegistrationDelegate$BeanPostProcessorChecker - Bean 'com.alibaba.cloud.sentinel.custom.SentinelAutoConfiguration' of type [com.alibaba.cloud.sentinel.custom.SentinelAutoConfiguration] is not eligible for getting processed by all BeanPostProcessors (for example: not eligible for auto-proxying)
2022-07-18 16:49:59.414 [restartedMain] INFO  o.s.boot.web.embedded.tomcat.TomcatWebServer - Tomcat initialized with port(s): 8001 (http)
2022-07-18 16:49:59.425 [restartedMain] INFO  org.apache.catalina.core.AprLifecycleListener - Loaded Apache Tomcat Native library [1.2.30] using APR version [1.7.0].
2022-07-18 16:49:59.426 [restartedMain] INFO  org.apache.catalina.core.AprLifecycleListener - APR capabilities: IPv6 [true], sendfile [true], accept filters [false], random [true], UDS [true].
2022-07-18 16:49:59.427 [restartedMain] INFO  org.apache.catalina.core.AprLifecycleListener - APR/OpenSSL configuration: useAprConnector [false], useOpenSSL [true]
2022-07-18 16:49:59.428 [restartedMain] INFO  org.apache.catalina.core.AprLifecycleListener - OpenSSL successfully initialized [OpenSSL 1.1.1k  25 Mar 2021]
2022-07-18 16:49:59.433 [restartedMain] INFO  org.apache.coyote.http11.Http11NioProtocol - Initializing ProtocolHandler ["http-nio-8001"]
2022-07-18 16:49:59.434 [restartedMain] INFO  org.apache.catalina.core.StandardService - Starting service [Tomcat]
2022-07-18 16:49:59.434 [restartedMain] INFO  org.apache.catalina.core.StandardEngine - Starting Servlet engine: [Apache Tomcat/9.0.58]
2022-07-18 16:49:59.542 [restartedMain] INFO  o.a.c.c.ContainerBase.[Tomcat-1].[localhost].[/] - Initializing Spring embedded WebApplicationContext
2022-07-18 16:49:59.543 [restartedMain] INFO  o.s.b.w.s.c.ServletWebServerApplicationContext - Root WebApplicationContext: initialization completed in 3028 ms
2022-07-18 16:50:10.855 [restartedMain] INFO  o.s.cloud.openfeign.FeignClientFactoryBean - For 'service-vod' URL not provided. Will try picking an instance via load-balancing.
2022-07-18 16:50:12.309 [restartedMain] INFO  c.alibaba.cloud.sentinel.SentinelWebMvcConfigurer - [Sentinel Starter] register SentinelWebInterceptor with urlPatterns: [/**].
2022-07-18 16:50:24.434 [restartedMain] INFO  org.apache.coyote.http11.Http11NioProtocol - Starting ProtocolHandler ["http-nio-8001"]
2022-07-18 16:50:24.469 [restartedMain] INFO  o.s.boot.web.embedded.tomcat.TomcatWebServer - Tomcat started on port(s): 8001 (http) with context path ''
2022-07-18 16:50:24.537 [restartedMain] INFO  c.a.cloud.nacos.registry.NacosServiceRegistry - nacos registry, DEFAULT_GROUP service-edu 192.168.83.1:8001 register finished
2022-07-18 16:50:29.281 [restartedMain] INFO  com.xian.eduservice.EduApplication - Started EduApplication in 47.153 seconds (JVM running for 1321.219)
2022-07-18 16:50:29.287 [restartedMain] INFO  c.a.cloud.nacos.refresh.NacosContextRefresher - listening config: dataId=service-edu-dev.yaml, group=ONLINE_EDUCATION
2022-07-18 16:50:29.288 [restartedMain] INFO  c.a.cloud.nacos.refresh.NacosContextRefresher - listening config: dataId=service-edu.yaml, group=ONLINE_EDUCATION
2022-07-18 16:50:29.288 [restartedMain] INFO  c.a.cloud.nacos.refresh.NacosContextRefresher - listening config: dataId=service-edu, group=ONLINE_EDUCATION
2022-07-18 16:50:29.291 [restartedMain] INFO  o.s.b.d.a.ConditionEvaluationDeltaLoggingListener - Condition evaluation unchanged
2022-07-18 17:11:04.559 [http-nio-8001-exec-10] INFO  o.a.c.c.ContainerBase.[Tomcat-1].[localhost].[/] - Initializing Spring DispatcherServlet 'dispatcherServlet'
2022-07-18 17:11:04.561 [http-nio-8001-exec-10] INFO  org.springframework.web.servlet.DispatcherServlet - Initializing Servlet 'dispatcherServlet'
2022-07-18 17:11:04.562 [http-nio-8001-exec-10] INFO  org.springframework.web.servlet.DispatcherServlet - Completed initialization in 1 ms
2022-07-18 17:11:04.577 [http-nio-8001-exec-10] INFO  com.zaxxer.hikari.HikariDataSource - HikariPool-2 - Starting...
2022-07-18 17:11:04.613 [http-nio-8001-exec-10] INFO  com.zaxxer.hikari.HikariDataSource - HikariPool-2 - Start completed.
