2022-07-16 12:53:58.818 [restartedMain] INFO  com.xian.eduservice.EduApplication - Starting EduApplication using Java 1.8.0_102 on LAPTOP-PN2G1EN8 with PID 11384 (E:\BootProject\guli_parent\service\service_edu\target\classes started by Xian in E:\BootProject\guli_parent)
2022-07-16 12:53:58.827 [restartedMain] INFO  com.xian.eduservice.EduApplication - The following 1 profile is active: "dev"
2022-07-16 12:53:58.968 [restartedMain] INFO  o.s.b.d.env.DevToolsPropertyDefaultsPostProcessor - Devtools property defaults active! Set 'spring.devtools.add-properties' to 'false' to disable
2022-07-16 12:53:58.969 [restartedMain] INFO  o.s.b.d.env.DevToolsPropertyDefaultsPostProcessor - For additional web related logging consider setting the 'logging.level.web' property to 'DEBUG'
2022-07-16 12:54:03.451 [restartedMain] INFO  o.s.d.r.config.RepositoryConfigurationDelegate - Multiple Spring Data modules found, entering strict repository configuration mode!
2022-07-16 12:54:03.458 [restartedMain] INFO  o.s.d.r.config.RepositoryConfigurationDelegate - Bootstrapping Spring Data Redis repositories in DEFAULT mode.
2022-07-16 12:54:03.654 [restartedMain] INFO  o.s.d.r.config.RepositoryConfigurationDelegate - Finished Spring Data repository scanning in 53 ms. Found 0 Redis repository interfaces.
2022-07-16 12:54:05.208 [restartedMain] INFO  o.springframework.cloud.context.scope.GenericScope - BeanFactory id=6313518e-1975-3404-8fe4-ea46f3c7cd6a
2022-07-16 12:54:06.392 [restartedMain] INFO  o.s.c.s.PostProcessorRegistrationDelegate$BeanPostProcessorChecker - Bean 'org.springframework.cloud.commons.config.CommonsConfigAutoConfiguration' of type [org.springframework.cloud.commons.config.CommonsConfigAutoConfiguration] is not eligible for getting processed by all BeanPostProcessors (for example: not eligible for auto-proxying)
2022-07-16 12:54:06.403 [restartedMain] INFO  o.s.c.s.PostProcessorRegistrationDelegate$BeanPostProcessorChecker - Bean 'org.springframework.cloud.client.loadbalancer.LoadBalancerDefaultMappingsProviderAutoConfiguration' of type [org.springframework.cloud.client.loadbalancer.LoadBalancerDefaultMappingsProviderAutoConfiguration] is not eligible for getting processed by all BeanPostProcessors (for example: not eligible for auto-proxying)
2022-07-16 12:54:06.408 [restartedMain] INFO  o.s.c.s.PostProcessorRegistrationDelegate$BeanPostProcessorChecker - Bean 'loadBalancerClientsDefaultsMappingsProvider' of type [org.springframework.cloud.client.loadbalancer.LoadBalancerDefaultMappingsProviderAutoConfiguration$$Lambda$464/3591386] is not eligible for getting processed by all BeanPostProcessors (for example: not eligible for auto-proxying)
2022-07-16 12:54:06.424 [restartedMain] INFO  o.s.c.s.PostProcessorRegistrationDelegate$BeanPostProcessorChecker - Bean 'defaultsBindHandlerAdvisor' of type [org.springframework.cloud.commons.config.DefaultsBindHandlerAdvisor] is not eligible for getting processed by all BeanPostProcessors (for example: not eligible for auto-proxying)
2022-07-16 12:54:06.585 [restartedMain] INFO  o.s.c.s.PostProcessorRegistrationDelegate$BeanPostProcessorChecker - Bean 'spring.cloud.sentinel-com.alibaba.cloud.sentinel.SentinelProperties' of type [com.alibaba.cloud.sentinel.SentinelProperties] is not eligible for getting processed by all BeanPostProcessors (for example: not eligible for auto-proxying)
2022-07-16 12:54:06.755 [restartedMain] INFO  o.s.c.s.PostProcessorRegistrationDelegate$BeanPostProcessorChecker - Bean 'com.alibaba.cloud.sentinel.custom.SentinelAutoConfiguration' of type [com.alibaba.cloud.sentinel.custom.SentinelAutoConfiguration] is not eligible for getting processed by all BeanPostProcessors (for example: not eligible for auto-proxying)
2022-07-16 12:54:09.101 [restartedMain] INFO  o.s.boot.web.embedded.tomcat.TomcatWebServer - Tomcat initialized with port(s): 8001 (http)
2022-07-16 12:54:09.103 [restartedMain] INFO  org.apache.catalina.core.AprLifecycleListener - Loaded Apache Tomcat Native library [1.2.30] using APR version [1.7.0].
2022-07-16 12:54:09.104 [restartedMain] INFO  org.apache.catalina.core.AprLifecycleListener - APR capabilities: IPv6 [true], sendfile [true], accept filters [false], random [true], UDS [true].
2022-07-16 12:54:09.105 [restartedMain] INFO  org.apache.catalina.core.AprLifecycleListener - APR/OpenSSL configuration: useAprConnector [false], useOpenSSL [true]
2022-07-16 12:54:09.112 [restartedMain] INFO  org.apache.catalina.core.AprLifecycleListener - OpenSSL successfully initialized [OpenSSL 1.1.1k  25 Mar 2021]
2022-07-16 12:54:09.130 [restartedMain] INFO  org.apache.coyote.http11.Http11NioProtocol - Initializing ProtocolHandler ["http-nio-8001"]
2022-07-16 12:54:09.131 [restartedMain] INFO  org.apache.catalina.core.StandardService - Starting service [Tomcat]
2022-07-16 12:54:09.132 [restartedMain] INFO  org.apache.catalina.core.StandardEngine - Starting Servlet engine: [Apache Tomcat/9.0.58]
2022-07-16 12:54:09.354 [restartedMain] INFO  o.a.c.core.ContainerBase.[Tomcat].[localhost].[/] - Initializing Spring embedded WebApplicationContext
2022-07-16 12:54:09.355 [restartedMain] INFO  o.s.b.w.s.c.ServletWebServerApplicationContext - Root WebApplicationContext: initialization completed in 10385 ms
2022-07-16 12:54:16.271 [restartedMain] INFO  o.s.cloud.openfeign.FeignClientFactoryBean - For 'service-vod' URL not provided. Will try picking an instance via load-balancing.
2022-07-16 12:54:17.891 [restartedMain] INFO  c.alibaba.cloud.sentinel.SentinelWebMvcConfigurer - [Sentinel Starter] register SentinelWebInterceptor with urlPatterns: [/**].
2022-07-16 12:54:25.788 [restartedMain] INFO  org.apache.coyote.http11.Http11NioProtocol - Starting ProtocolHandler ["http-nio-8001"]
2022-07-16 12:54:25.831 [restartedMain] INFO  o.s.boot.web.embedded.tomcat.TomcatWebServer - Tomcat started on port(s): 8001 (http) with context path ''
2022-07-16 12:54:25.898 [restartedMain] INFO  c.a.cloud.nacos.registry.NacosServiceRegistry - nacos registry, DEFAULT_GROUP service-edu 192.168.83.1:8001 register finished
2022-07-16 12:54:28.725 [restartedMain] INFO  com.xian.eduservice.EduApplication - Started EduApplication in 33.406 seconds (JVM running for 36.305)
2022-07-16 18:03:03.541 [Thread-2] INFO  c.a.cloud.nacos.registry.NacosServiceRegistry - De-registering from Nacos Server now...
2022-07-16 18:03:03.600 [Thread-2] INFO  c.a.cloud.nacos.registry.NacosServiceRegistry - De-registration finished.
2022-07-16 18:03:16.496 [restartedMain] INFO  com.xian.eduservice.EduApplication - Starting EduApplication using Java 1.8.0_102 on LAPTOP-PN2G1EN8 with PID 11384 (E:\BootProject\guli_parent\service\service_edu\target\classes started by Xian in E:\BootProject\guli_parent)
2022-07-16 18:03:16.497 [restartedMain] INFO  com.xian.eduservice.EduApplication - The following 1 profile is active: "dev"
2022-07-16 18:03:17.781 [restartedMain] INFO  o.s.d.r.config.RepositoryConfigurationDelegate - Multiple Spring Data modules found, entering strict repository configuration mode!
2022-07-16 18:03:17.781 [restartedMain] INFO  o.s.d.r.config.RepositoryConfigurationDelegate - Bootstrapping Spring Data Redis repositories in DEFAULT mode.
2022-07-16 18:03:17.800 [restartedMain] INFO  o.s.d.r.config.RepositoryConfigurationDelegate - Finished Spring Data repository scanning in 17 ms. Found 0 Redis repository interfaces.
2022-07-16 18:03:18.027 [restartedMain] INFO  o.springframework.cloud.context.scope.GenericScope - BeanFactory id=6313518e-1975-3404-8fe4-ea46f3c7cd6a
2022-07-16 18:03:18.196 [restartedMain] INFO  o.s.c.s.PostProcessorRegistrationDelegate$BeanPostProcessorChecker - Bean 'org.springframework.cloud.commons.config.CommonsConfigAutoConfiguration' of type [org.springframework.cloud.commons.config.CommonsConfigAutoConfiguration] is not eligible for getting processed by all BeanPostProcessors (for example: not eligible for auto-proxying)
2022-07-16 18:03:18.200 [restartedMain] INFO  o.s.c.s.PostProcessorRegistrationDelegate$BeanPostProcessorChecker - Bean 'org.springframework.cloud.client.loadbalancer.LoadBalancerDefaultMappingsProviderAutoConfiguration' of type [org.springframework.cloud.client.loadbalancer.LoadBalancerDefaultMappingsProviderAutoConfiguration] is not eligible for getting processed by all BeanPostProcessors (for example: not eligible for auto-proxying)
2022-07-16 18:03:18.203 [restartedMain] INFO  o.s.c.s.PostProcessorRegistrationDelegate$BeanPostProcessorChecker - Bean 'loadBalancerClientsDefaultsMappingsProvider' of type [org.springframework.cloud.client.loadbalancer.LoadBalancerDefaultMappingsProviderAutoConfiguration$$Lambda$464/3591386] is not eligible for getting processed by all BeanPostProcessors (for example: not eligible for auto-proxying)
2022-07-16 18:03:18.217 [restartedMain] INFO  o.s.c.s.PostProcessorRegistrationDelegate$BeanPostProcessorChecker - Bean 'defaultsBindHandlerAdvisor' of type [org.springframework.cloud.commons.config.DefaultsBindHandlerAdvisor] is not eligible for getting processed by all BeanPostProcessors (for example: not eligible for auto-proxying)
2022-07-16 18:03:18.229 [restartedMain] INFO  o.s.c.s.PostProcessorRegistrationDelegate$BeanPostProcessorChecker - Bean 'spring.cloud.sentinel-com.alibaba.cloud.sentinel.SentinelProperties' of type [com.alibaba.cloud.sentinel.SentinelProperties] is not eligible for getting processed by all BeanPostProcessors (for example: not eligible for auto-proxying)
2022-07-16 18:03:18.244 [restartedMain] INFO  o.s.c.s.PostProcessorRegistrationDelegate$BeanPostProcessorChecker - Bean 'com.alibaba.cloud.sentinel.custom.SentinelAutoConfiguration' of type [com.alibaba.cloud.sentinel.custom.SentinelAutoConfiguration] is not eligible for getting processed by all BeanPostProcessors (for example: not eligible for auto-proxying)
2022-07-16 18:03:18.896 [restartedMain] INFO  o.s.boot.web.embedded.tomcat.TomcatWebServer - Tomcat initialized with port(s): 8001 (http)
2022-07-16 18:03:18.896 [restartedMain] INFO  org.apache.catalina.core.AprLifecycleListener - Loaded Apache Tomcat Native library [1.2.30] using APR version [1.7.0].
2022-07-16 18:03:18.897 [restartedMain] INFO  org.apache.catalina.core.AprLifecycleListener - APR capabilities: IPv6 [true], sendfile [true], accept filters [false], random [true], UDS [true].
2022-07-16 18:03:18.897 [restartedMain] INFO  org.apache.catalina.core.AprLifecycleListener - APR/OpenSSL configuration: useAprConnector [false], useOpenSSL [true]
2022-07-16 18:03:18.898 [restartedMain] INFO  org.apache.catalina.core.AprLifecycleListener - OpenSSL successfully initialized [OpenSSL 1.1.1k  25 Mar 2021]
2022-07-16 18:03:18.900 [restartedMain] INFO  org.apache.coyote.http11.Http11NioProtocol - Initializing ProtocolHandler ["http-nio-8001"]
2022-07-16 18:03:18.900 [restartedMain] INFO  org.apache.catalina.core.StandardService - Starting service [Tomcat]
2022-07-16 18:03:18.901 [restartedMain] INFO  org.apache.catalina.core.StandardEngine - Starting Servlet engine: [Apache Tomcat/9.0.58]
2022-07-16 18:03:18.949 [restartedMain] INFO  o.a.c.core.ContainerBase.[Tomcat].[localhost].[/] - Initializing Spring embedded WebApplicationContext
2022-07-16 18:03:18.950 [restartedMain] INFO  o.s.b.w.s.c.ServletWebServerApplicationContext - Root WebApplicationContext: initialization completed in 2443 ms
2022-07-16 18:03:25.374 [restartedMain] INFO  o.s.cloud.openfeign.FeignClientFactoryBean - For 'service-vod' URL not provided. Will try picking an instance via load-balancing.
2022-07-16 18:03:26.807 [restartedMain] INFO  c.alibaba.cloud.sentinel.SentinelWebMvcConfigurer - [Sentinel Starter] register SentinelWebInterceptor with urlPatterns: [/**].
2022-07-16 18:03:32.380 [restartedMain] INFO  org.apache.coyote.http11.Http11NioProtocol - Starting ProtocolHandler ["http-nio-8001"]
2022-07-16 18:03:32.383 [restartedMain] INFO  o.s.boot.web.embedded.tomcat.TomcatWebServer - Tomcat started on port(s): 8001 (http) with context path ''
2022-07-16 18:03:32.428 [restartedMain] INFO  c.a.cloud.nacos.registry.NacosServiceRegistry - nacos registry, DEFAULT_GROUP service-edu 192.168.83.1:8001 register finished
2022-07-16 18:03:33.373 [restartedMain] INFO  com.xian.eduservice.EduApplication - Started EduApplication in 19.426 seconds (JVM running for 18580.952)
2022-07-16 18:03:33.375 [restartedMain] INFO  o.s.b.d.a.ConditionEvaluationDeltaLoggingListener - Condition evaluation unchanged
2022-07-16 18:03:33.889 [Thread-79] INFO  c.a.cloud.nacos.registry.NacosServiceRegistry - De-registering from Nacos Server now...
2022-07-16 18:03:33.929 [Thread-79] INFO  c.a.cloud.nacos.registry.NacosServiceRegistry - De-registration finished.
2022-07-16 18:03:45.805 [restartedMain] INFO  com.xian.eduservice.EduApplication - Starting EduApplication using Java 1.8.0_102 on LAPTOP-PN2G1EN8 with PID 11384 (E:\BootProject\guli_parent\service\service_edu\target\classes started by Xian in E:\BootProject\guli_parent)
2022-07-16 18:03:45.806 [restartedMain] INFO  com.xian.eduservice.EduApplication - The following 1 profile is active: "dev"
2022-07-16 18:03:46.825 [restartedMain] INFO  o.s.d.r.config.RepositoryConfigurationDelegate - Multiple Spring Data modules found, entering strict repository configuration mode!
2022-07-16 18:03:46.826 [restartedMain] INFO  o.s.d.r.config.RepositoryConfigurationDelegate - Bootstrapping Spring Data Redis repositories in DEFAULT mode.
2022-07-16 18:03:46.841 [restartedMain] INFO  o.s.d.r.config.RepositoryConfigurationDelegate - Finished Spring Data repository scanning in 14 ms. Found 0 Redis repository interfaces.
2022-07-16 18:03:47.017 [restartedMain] INFO  o.springframework.cloud.context.scope.GenericScope - BeanFactory id=6313518e-1975-3404-8fe4-ea46f3c7cd6a
2022-07-16 18:03:47.130 [restartedMain] INFO  o.s.c.s.PostProcessorRegistrationDelegate$BeanPostProcessorChecker - Bean 'org.springframework.cloud.commons.config.CommonsConfigAutoConfiguration' of type [org.springframework.cloud.commons.config.CommonsConfigAutoConfiguration] is not eligible for getting processed by all BeanPostProcessors (for example: not eligible for auto-proxying)
2022-07-16 18:03:47.133 [restartedMain] INFO  o.s.c.s.PostProcessorRegistrationDelegate$BeanPostProcessorChecker - Bean 'org.springframework.cloud.client.loadbalancer.LoadBalancerDefaultMappingsProviderAutoConfiguration' of type [org.springframework.cloud.client.loadbalancer.LoadBalancerDefaultMappingsProviderAutoConfiguration] is not eligible for getting processed by all BeanPostProcessors (for example: not eligible for auto-proxying)
2022-07-16 18:03:47.135 [restartedMain] INFO  o.s.c.s.PostProcessorRegistrationDelegate$BeanPostProcessorChecker - Bean 'loadBalancerClientsDefaultsMappingsProvider' of type [org.springframework.cloud.client.loadbalancer.LoadBalancerDefaultMappingsProviderAutoConfiguration$$Lambda$464/3591386] is not eligible for getting processed by all BeanPostProcessors (for example: not eligible for auto-proxying)
2022-07-16 18:03:47.147 [restartedMain] INFO  o.s.c.s.PostProcessorRegistrationDelegate$BeanPostProcessorChecker - Bean 'defaultsBindHandlerAdvisor' of type [org.springframework.cloud.commons.config.DefaultsBindHandlerAdvisor] is not eligible for getting processed by all BeanPostProcessors (for example: not eligible for auto-proxying)
2022-07-16 18:03:47.159 [restartedMain] INFO  o.s.c.s.PostProcessorRegistrationDelegate$BeanPostProcessorChecker - Bean 'spring.cloud.sentinel-com.alibaba.cloud.sentinel.SentinelProperties' of type [com.alibaba.cloud.sentinel.SentinelProperties] is not eligible for getting processed by all BeanPostProcessors (for example: not eligible for auto-proxying)
2022-07-16 18:03:47.173 [restartedMain] INFO  o.s.c.s.PostProcessorRegistrationDelegate$BeanPostProcessorChecker - Bean 'com.alibaba.cloud.sentinel.custom.SentinelAutoConfiguration' of type [com.alibaba.cloud.sentinel.custom.SentinelAutoConfiguration] is not eligible for getting processed by all BeanPostProcessors (for example: not eligible for auto-proxying)
2022-07-16 18:03:47.705 [restartedMain] INFO  o.s.boot.web.embedded.tomcat.TomcatWebServer - Tomcat initialized with port(s): 8001 (http)
2022-07-16 18:03:47.705 [restartedMain] INFO  org.apache.catalina.core.AprLifecycleListener - Loaded Apache Tomcat Native library [1.2.30] using APR version [1.7.0].
2022-07-16 18:03:47.706 [restartedMain] INFO  org.apache.catalina.core.AprLifecycleListener - APR capabilities: IPv6 [true], sendfile [true], accept filters [false], random [true], UDS [true].
2022-07-16 18:03:47.706 [restartedMain] INFO  org.apache.catalina.core.AprLifecycleListener - APR/OpenSSL configuration: useAprConnector [false], useOpenSSL [true]
2022-07-16 18:03:47.707 [restartedMain] INFO  org.apache.catalina.core.AprLifecycleListener - OpenSSL successfully initialized [OpenSSL 1.1.1k  25 Mar 2021]
2022-07-16 18:03:47.708 [restartedMain] INFO  org.apache.coyote.http11.Http11NioProtocol - Initializing ProtocolHandler ["http-nio-8001"]
2022-07-16 18:03:47.709 [restartedMain] INFO  org.apache.catalina.core.StandardService - Starting service [Tomcat]
2022-07-16 18:03:47.709 [restartedMain] INFO  org.apache.catalina.core.StandardEngine - Starting Servlet engine: [Apache Tomcat/9.0.58]
2022-07-16 18:03:47.749 [restartedMain] INFO  o.a.c.core.ContainerBase.[Tomcat].[localhost].[/] - Initializing Spring embedded WebApplicationContext
2022-07-16 18:03:47.750 [restartedMain] INFO  o.s.b.w.s.c.ServletWebServerApplicationContext - Root WebApplicationContext: initialization completed in 1936 ms
2022-07-16 18:03:52.234 [restartedMain] INFO  o.s.cloud.openfeign.FeignClientFactoryBean - For 'service-vod' URL not provided. Will try picking an instance via load-balancing.
2022-07-16 18:03:53.035 [restartedMain] INFO  c.alibaba.cloud.sentinel.SentinelWebMvcConfigurer - [Sentinel Starter] register SentinelWebInterceptor with urlPatterns: [/**].
2022-07-16 18:03:56.358 [restartedMain] INFO  org.apache.coyote.http11.Http11NioProtocol - Starting ProtocolHandler ["http-nio-8001"]
2022-07-16 18:03:56.361 [restartedMain] INFO  o.s.boot.web.embedded.tomcat.TomcatWebServer - Tomcat started on port(s): 8001 (http) with context path ''
2022-07-16 18:03:56.403 [restartedMain] INFO  c.a.cloud.nacos.registry.NacosServiceRegistry - nacos registry, DEFAULT_GROUP service-edu 192.168.83.1:8001 register finished
2022-07-16 18:03:57.291 [restartedMain] INFO  com.xian.eduservice.EduApplication - Started EduApplication in 13.875 seconds (JVM running for 18604.87)
2022-07-16 18:03:57.293 [restartedMain] INFO  o.s.b.d.a.ConditionEvaluationDeltaLoggingListener - Condition evaluation unchanged
