2022-07-17 23:01:21.346 [http-nio-8004-exec-3] ERROR c.x.s.h.exceptionhandler.GlobalExceptionHandler - Redis exception; nested exception is io.lettuce.core.RedisException: java.io.IOException: 远程主机强迫关闭了一个现有的连接。
2022-07-17 23:30:38.207 [restartedMain] ERROR org.springframework.boot.SpringApplication - Application run failed
org.springframework.jmx.export.UnableToRegisterMBeanException: Unable to register MBean [org.springframework.cloud.context.environment.EnvironmentManager@181ee65f] with key 'environmentManager'; nested exception is java.lang.IllegalStateException: org.springframework.context.annotation.AnnotationConfigApplicationContext@47b9cc74 has been closed already
	at org.springframework.jmx.export.MBeanExporter.registerBeanNameOrInstance(MBeanExporter.java:626)
	at org.springframework.jmx.export.MBeanExporter.lambda$registerBeans$2(MBeanExporter.java:552)
	at java.util.HashMap.forEach(HashMap.java:1288)
	at org.springframework.jmx.export.MBeanExporter.registerBeans(MBeanExporter.java:552)
	at org.springframework.jmx.export.MBeanExporter.afterSingletonsInstantiated(MBeanExporter.java:435)
	at org.springframework.beans.factory.support.DefaultListableBeanFactory.preInstantiateSingletons(DefaultListableBeanFactory.java:972)
	at org.springframework.context.support.AbstractApplicationContext.finishBeanFactoryInitialization(AbstractApplicationContext.java:918)
	at org.springframework.context.support.AbstractApplicationContext.refresh(AbstractApplicationContext.java:583)
	at org.springframework.boot.web.servlet.context.ServletWebServerApplicationContext.refresh(ServletWebServerApplicationContext.java:145)
	at org.springframework.boot.SpringApplication.refresh(SpringApplication.java:740)
	at org.springframework.boot.SpringApplication.refreshContext(SpringApplication.java:415)
	at org.springframework.boot.SpringApplication.run(SpringApplication.java:303)
	at org.springframework.boot.SpringApplication.run(SpringApplication.java:1312)
	at org.springframework.boot.SpringApplication.run(SpringApplication.java:1301)
	at com.xian.educms.CmsApplication.main(CmsApplication.java:12)
	at sun.reflect.NativeMethodAccessorImpl.invoke0(Native Method)
	at sun.reflect.NativeMethodAccessorImpl.invoke(NativeMethodAccessorImpl.java:62)
	at sun.reflect.DelegatingMethodAccessorImpl.invoke(DelegatingMethodAccessorImpl.java:43)
	at java.lang.reflect.Method.invoke(Method.java:498)
	at org.springframework.boot.devtools.restart.RestartLauncher.run(RestartLauncher.java:49)
Caused by: java.lang.IllegalStateException: org.springframework.context.annotation.AnnotationConfigApplicationContext@47b9cc74 has been closed already
	at org.springframework.context.support.AbstractApplicationContext.assertBeanFactoryActive(AbstractApplicationContext.java:1138)
	at org.springframework.context.support.AbstractApplicationContext.getBean(AbstractApplicationContext.java:1153)
	at org.springframework.boot.autoconfigure.jmx.ParentAwareNamingStrategy.parentContextContainsSameBean(ParentAwareNamingStrategy.java:80)
	at org.springframework.boot.autoconfigure.jmx.ParentAwareNamingStrategy.getObjectName(ParentAwareNamingStrategy.java:64)
	at org.springframework.jmx.export.MBeanExporter.getObjectName(MBeanExporter.java:756)
	at org.springframework.jmx.export.MBeanExporter.registerBeanInstance(MBeanExporter.java:655)
	at org.springframework.jmx.export.MBeanExporter.registerBeanNameOrInstance(MBeanExporter.java:616)
	... 19 common frames omitted
