2022-07-19 01:00:00.813 [scheduling-1] INFO  com.xian.eduservice.schedule.VideoTasks - start to update video play Count...
2022-07-19 01:00:04.559 [scheduling-1] INFO  com.xian.eduservice.schedule.VideoTasks - update view Count finish! 
2022-07-19 01:00:04.577 [scheduling-1] INFO  com.xian.eduservice.schedule.CourseTasks - start to update course view count...
2022-07-19 01:00:04.861 [scheduling-1] INFO  com.xian.eduservice.schedule.CourseTasks - update course view count finish
2022-07-19 01:00:04.862 [scheduling-1] INFO  com.xian.eduservice.schedule.CourseTasks - start to update course buy count...
2022-07-19 01:00:04.947 [scheduling-1] INFO  com.xian.eduservice.schedule.CourseTasks - update course buy count finish
2022-07-19 18:30:58.413 [restartedMain] INFO  o.s.c.b.c.PropertySourceBootstrapConfiguration - Located property source: [BootstrapPropertySource {name='bootstrapProperties-service-edu-dev.yaml,ONLINE_EDUCATION'}, BootstrapPropertySource {name='bootstrapProperties-service-edu.yaml,ONLINE_EDUCATION'}, BootstrapPropertySource {name='bootstrapProperties-service-edu,ONLINE_EDUCATION'}, BootstrapPropertySource {name='bootstrapProperties-Sentinel.yml,ONLINE_EDUCATION'}, BootstrapPropertySource {name='bootstrapProperties-Nacos.yml,ONLINE_EDUCATION'}, BootstrapPropertySource {name='bootstrapProperties-Redis.yml,ONLINE_EDUCATION'}, BootstrapPropertySource {name='bootstrapProperties-Database.yml,ONLINE_EDUCATION'}]
2022-07-19 18:30:58.434 [restartedMain] INFO  com.xian.eduservice.EduApplication - The following 1 profile is active: "dev"
2022-07-19 18:31:02.017 [restartedMain] INFO  o.s.d.r.config.RepositoryConfigurationDelegate - Multiple Spring Data modules found, entering strict repository configuration mode!
2022-07-19 18:31:02.023 [restartedMain] INFO  o.s.d.r.config.RepositoryConfigurationDelegate - Bootstrapping Spring Data Redis repositories in DEFAULT mode.
2022-07-19 18:31:02.101 [restartedMain] INFO  o.s.d.r.config.RepositoryConfigurationDelegate - Finished Spring Data repository scanning in 38 ms. Found 0 Redis repository interfaces.
2022-07-19 18:31:02.823 [restartedMain] INFO  o.springframework.cloud.context.scope.GenericScope - BeanFactory id=878950d3-6a73-3c17-89f2-5cf7fd3a706e
2022-07-19 18:31:03.638 [restartedMain] INFO  o.s.c.s.PostProcessorRegistrationDelegate$BeanPostProcessorChecker - Bean 'org.springframework.cloud.commons.config.CommonsConfigAutoConfiguration' of type [org.springframework.cloud.commons.config.CommonsConfigAutoConfiguration] is not eligible for getting processed by all BeanPostProcessors (for example: not eligible for auto-proxying)
2022-07-19 18:31:03.651 [restartedMain] INFO  o.s.c.s.PostProcessorRegistrationDelegate$BeanPostProcessorChecker - Bean 'org.springframework.cloud.client.loadbalancer.LoadBalancerDefaultMappingsProviderAutoConfiguration' of type [org.springframework.cloud.client.loadbalancer.LoadBalancerDefaultMappingsProviderAutoConfiguration] is not eligible for getting processed by all BeanPostProcessors (for example: not eligible for auto-proxying)
2022-07-19 18:31:03.654 [restartedMain] INFO  o.s.c.s.PostProcessorRegistrationDelegate$BeanPostProcessorChecker - Bean 'loadBalancerClientsDefaultsMappingsProvider' of type [org.springframework.cloud.client.loadbalancer.LoadBalancerDefaultMappingsProviderAutoConfiguration$$Lambda$478/1358343188] is not eligible for getting processed by all BeanPostProcessors (for example: not eligible for auto-proxying)
2022-07-19 18:31:03.671 [restartedMain] INFO  o.s.c.s.PostProcessorRegistrationDelegate$BeanPostProcessorChecker - Bean 'defaultsBindHandlerAdvisor' of type [org.springframework.cloud.commons.config.DefaultsBindHandlerAdvisor] is not eligible for getting processed by all BeanPostProcessors (for example: not eligible for auto-proxying)
2022-07-19 18:31:03.706 [restartedMain] INFO  o.s.c.s.PostProcessorRegistrationDelegate$BeanPostProcessorChecker - Bean 'spring.cloud.sentinel-com.alibaba.cloud.sentinel.SentinelProperties' of type [com.alibaba.cloud.sentinel.SentinelProperties] is not eligible for getting processed by all BeanPostProcessors (for example: not eligible for auto-proxying)
2022-07-19 18:31:03.719 [restartedMain] INFO  o.s.c.s.PostProcessorRegistrationDelegate$BeanPostProcessorChecker - Bean 'com.alibaba.cloud.sentinel.custom.SentinelAutoConfiguration' of type [com.alibaba.cloud.sentinel.custom.SentinelAutoConfiguration] is not eligible for getting processed by all BeanPostProcessors (for example: not eligible for auto-proxying)
2022-07-19 18:31:04.830 [restartedMain] INFO  o.s.boot.web.embedded.tomcat.TomcatWebServer - Tomcat initialized with port(s): 8001 (http)
2022-07-19 18:31:04.832 [restartedMain] INFO  org.apache.catalina.core.AprLifecycleListener - Loaded Apache Tomcat Native library [1.2.30] using APR version [1.7.0].
2022-07-19 18:31:04.833 [restartedMain] INFO  org.apache.catalina.core.AprLifecycleListener - APR capabilities: IPv6 [true], sendfile [true], accept filters [false], random [true], UDS [true].
2022-07-19 18:31:04.834 [restartedMain] INFO  org.apache.catalina.core.AprLifecycleListener - APR/OpenSSL configuration: useAprConnector [false], useOpenSSL [true]
2022-07-19 18:31:04.842 [restartedMain] INFO  org.apache.catalina.core.AprLifecycleListener - OpenSSL successfully initialized [OpenSSL 1.1.1k  25 Mar 2021]
2022-07-19 18:31:04.862 [restartedMain] INFO  org.apache.coyote.http11.Http11NioProtocol - Initializing ProtocolHandler ["http-nio-8001"]
2022-07-19 18:31:04.864 [restartedMain] INFO  org.apache.catalina.core.StandardService - Starting service [Tomcat]
2022-07-19 18:31:04.865 [restartedMain] INFO  org.apache.catalina.core.StandardEngine - Starting Servlet engine: [Apache Tomcat/9.0.58]
2022-07-19 18:31:05.334 [restartedMain] INFO  o.a.c.core.ContainerBase.[Tomcat].[localhost].[/] - Initializing Spring embedded WebApplicationContext
2022-07-19 18:31:05.335 [restartedMain] INFO  o.s.b.w.s.c.ServletWebServerApplicationContext - Root WebApplicationContext: initialization completed in 6849 ms
2022-07-19 18:31:21.273 [restartedMain] INFO  o.s.cloud.openfeign.FeignClientFactoryBean - For 'service-vod' URL not provided. Will try picking an instance via load-balancing.
2022-07-19 18:31:22.869 [restartedMain] INFO  c.alibaba.cloud.sentinel.SentinelWebMvcConfigurer - [Sentinel Starter] register SentinelWebInterceptor with urlPatterns: [/**].
2022-07-19 18:31:33.268 [restartedMain] INFO  org.apache.coyote.http11.Http11NioProtocol - Starting ProtocolHandler ["http-nio-8001"]
2022-07-19 18:31:33.675 [restartedMain] INFO  o.s.boot.web.embedded.tomcat.TomcatWebServer - Tomcat started on port(s): 8001 (http) with context path ''
2022-07-19 18:31:33.735 [restartedMain] INFO  c.a.cloud.nacos.registry.NacosServiceRegistry - nacos registry, DEFAULT_GROUP service-edu 192.168.83.1:8001 register finished
2022-07-19 18:31:37.334 [restartedMain] INFO  com.xian.eduservice.EduApplication - Started EduApplication in 49.026 seconds (JVM running for 55.959)
2022-07-19 18:31:37.350 [restartedMain] INFO  c.a.cloud.nacos.refresh.NacosContextRefresher - listening config: dataId=Redis.yml, group=ONLINE_EDUCATION
2022-07-19 18:31:37.353 [restartedMain] INFO  c.a.cloud.nacos.refresh.NacosContextRefresher - listening config: dataId=Nacos.yml, group=ONLINE_EDUCATION
2022-07-19 18:31:37.357 [restartedMain] INFO  c.a.cloud.nacos.refresh.NacosContextRefresher - listening config: dataId=service-edu-dev.yaml, group=ONLINE_EDUCATION
2022-07-19 18:31:37.361 [restartedMain] INFO  c.a.cloud.nacos.refresh.NacosContextRefresher - listening config: dataId=Database.yml, group=ONLINE_EDUCATION
2022-07-19 18:31:37.362 [restartedMain] INFO  c.a.cloud.nacos.refresh.NacosContextRefresher - listening config: dataId=service-edu.yaml, group=ONLINE_EDUCATION
2022-07-19 18:31:37.366 [restartedMain] INFO  c.a.cloud.nacos.refresh.NacosContextRefresher - listening config: dataId=Sentinel.yml, group=ONLINE_EDUCATION
2022-07-19 18:31:37.368 [restartedMain] INFO  c.a.cloud.nacos.refresh.NacosContextRefresher - listening config: dataId=service-edu, group=ONLINE_EDUCATION
2022-07-19 18:39:50.326 [com.alibaba.nacos.client.Worker.longPolling.fixed-121.40.219.144_8848-57059aae-a647-4afe-b785-51f7c4c54874] INFO  o.s.b.d.env.DevToolsPropertyDefaultsPostProcessor - Devtools property defaults active! Set 'spring.devtools.add-properties' to 'false' to disable
2022-07-19 18:39:51.255 [com.alibaba.nacos.client.Worker.longPolling.fixed-121.40.219.144_8848-57059aae-a647-4afe-b785-51f7c4c54874] INFO  o.s.c.b.c.PropertySourceBootstrapConfiguration - Located property source: [BootstrapPropertySource {name='bootstrapProperties-service-edu-dev.yaml,ONLINE_EDUCATION'}, BootstrapPropertySource {name='bootstrapProperties-service-edu.yaml,ONLINE_EDUCATION'}, BootstrapPropertySource {name='bootstrapProperties-service-edu,ONLINE_EDUCATION'}, BootstrapPropertySource {name='bootstrapProperties-Sentinel.yml,ONLINE_EDUCATION'}, BootstrapPropertySource {name='bootstrapProperties-Nacos.yml,ONLINE_EDUCATION'}, BootstrapPropertySource {name='bootstrapProperties-Redis.yml,ONLINE_EDUCATION'}, BootstrapPropertySource {name='bootstrapProperties-Database.yml,ONLINE_EDUCATION'}]
2022-07-19 18:39:51.261 [com.alibaba.nacos.client.Worker.longPolling.fixed-121.40.219.144_8848-57059aae-a647-4afe-b785-51f7c4c54874] INFO  org.springframework.boot.SpringApplication - The following 1 profile is active: "dev"
2022-07-19 18:39:51.301 [com.alibaba.nacos.client.Worker.longPolling.fixed-121.40.219.144_8848-57059aae-a647-4afe-b785-51f7c4c54874] INFO  org.springframework.boot.SpringApplication - Started application in 6.295 seconds (JVM running for 549.925)
2022-07-19 18:39:51.477 [com.alibaba.nacos.client.Worker.longPolling.fixed-121.40.219.144_8848-57059aae-a647-4afe-b785-51f7c4c54874] INFO  c.a.cloud.nacos.registry.NacosServiceRegistry - De-registering from Nacos Server now...
2022-07-19 18:39:51.524 [com.alibaba.nacos.client.Worker.longPolling.fixed-121.40.219.144_8848-57059aae-a647-4afe-b785-51f7c4c54874] INFO  c.a.cloud.nacos.registry.NacosServiceRegistry - De-registration finished.
2022-07-19 18:39:59.835 [com.alibaba.nacos.client.Worker.longPolling.fixed-121.40.219.144_8848-57059aae-a647-4afe-b785-51f7c4c54874] INFO  c.a.cloud.nacos.registry.NacosServiceRegistry - nacos registry, ONLINE_EDUCATION service-edu 192.168.83.1:8001 register finished
2022-07-19 18:39:59.853 [com.alibaba.nacos.client.Worker.longPolling.fixed-121.40.219.144_8848-57059aae-a647-4afe-b785-51f7c4c54874] INFO  o.s.cloud.endpoint.event.RefreshEventListener - Refresh keys changed: [spring.cloud.nacos.discovery.namespace, spring.cloud.nacos.discovery.group]
2022-07-21 10:50:31.744 [restartedMain] INFO  o.s.c.b.c.PropertySourceBootstrapConfiguration - Located property source: [BootstrapPropertySource {name='bootstrapProperties-service-edu-dev.yaml,ONLINE_EDUCATION'}, BootstrapPropertySource {name='bootstrapProperties-service-edu.yaml,ONLINE_EDUCATION'}, BootstrapPropertySource {name='bootstrapProperties-service-edu,ONLINE_EDUCATION'}, BootstrapPropertySource {name='bootstrapProperties-Sentinel.yml,ONLINE_EDUCATION'}, BootstrapPropertySource {name='bootstrapProperties-Nacos.yml,ONLINE_EDUCATION'}, BootstrapPropertySource {name='bootstrapProperties-Redis.yml,ONLINE_EDUCATION'}, BootstrapPropertySource {name='bootstrapProperties-Database.yml,ONLINE_EDUCATION'}]
2022-07-21 10:50:31.761 [restartedMain] INFO  com.xian.eduservice.EduApplication - The following 1 profile is active: "dev"
2022-07-21 10:50:33.587 [restartedMain] INFO  o.s.d.r.config.RepositoryConfigurationDelegate - Multiple Spring Data modules found, entering strict repository configuration mode!
2022-07-21 10:50:33.593 [restartedMain] INFO  o.s.d.r.config.RepositoryConfigurationDelegate - Bootstrapping Spring Data Redis repositories in DEFAULT mode.
2022-07-21 10:50:33.646 [restartedMain] INFO  o.s.d.r.config.RepositoryConfigurationDelegate - Finished Spring Data repository scanning in 23 ms. Found 0 Redis repository interfaces.
2022-07-21 10:50:34.161 [restartedMain] INFO  o.springframework.cloud.context.scope.GenericScope - BeanFactory id=544982a5-a251-3391-8447-45d6126898a1
2022-07-21 10:50:34.759 [restartedMain] INFO  o.s.c.s.PostProcessorRegistrationDelegate$BeanPostProcessorChecker - Bean 'org.springframework.cloud.commons.config.CommonsConfigAutoConfiguration' of type [org.springframework.cloud.commons.config.CommonsConfigAutoConfiguration] is not eligible for getting processed by all BeanPostProcessors (for example: not eligible for auto-proxying)
2022-07-21 10:50:34.767 [restartedMain] INFO  o.s.c.s.PostProcessorRegistrationDelegate$BeanPostProcessorChecker - Bean 'org.springframework.cloud.client.loadbalancer.LoadBalancerDefaultMappingsProviderAutoConfiguration' of type [org.springframework.cloud.client.loadbalancer.LoadBalancerDefaultMappingsProviderAutoConfiguration] is not eligible for getting processed by all BeanPostProcessors (for example: not eligible for auto-proxying)
2022-07-21 10:50:34.770 [restartedMain] INFO  o.s.c.s.PostProcessorRegistrationDelegate$BeanPostProcessorChecker - Bean 'loadBalancerClientsDefaultsMappingsProvider' of type [org.springframework.cloud.client.loadbalancer.LoadBalancerDefaultMappingsProviderAutoConfiguration$$Lambda$478/1688072820] is not eligible for getting processed by all BeanPostProcessors (for example: not eligible for auto-proxying)
2022-07-21 10:50:34.781 [restartedMain] INFO  o.s.c.s.PostProcessorRegistrationDelegate$BeanPostProcessorChecker - Bean 'defaultsBindHandlerAdvisor' of type [org.springframework.cloud.commons.config.DefaultsBindHandlerAdvisor] is not eligible for getting processed by all BeanPostProcessors (for example: not eligible for auto-proxying)
2022-07-21 10:50:34.790 [restartedMain] INFO  o.s.c.s.PostProcessorRegistrationDelegate$BeanPostProcessorChecker - Bean 'spring.cloud.sentinel-com.alibaba.cloud.sentinel.SentinelProperties' of type [com.alibaba.cloud.sentinel.SentinelProperties] is not eligible for getting processed by all BeanPostProcessors (for example: not eligible for auto-proxying)
2022-07-21 10:50:34.803 [restartedMain] INFO  o.s.c.s.PostProcessorRegistrationDelegate$BeanPostProcessorChecker - Bean 'com.alibaba.cloud.sentinel.custom.SentinelAutoConfiguration' of type [com.alibaba.cloud.sentinel.custom.SentinelAutoConfiguration] is not eligible for getting processed by all BeanPostProcessors (for example: not eligible for auto-proxying)
2022-07-21 10:50:35.654 [restartedMain] INFO  o.s.boot.web.embedded.tomcat.TomcatWebServer - Tomcat initialized with port(s): 8001 (http)
2022-07-21 10:50:35.655 [restartedMain] INFO  org.apache.catalina.core.AprLifecycleListener - Loaded Apache Tomcat Native library [1.2.30] using APR version [1.7.0].
2022-07-21 10:50:35.656 [restartedMain] INFO  org.apache.catalina.core.AprLifecycleListener - APR capabilities: IPv6 [true], sendfile [true], accept filters [false], random [true], UDS [true].
2022-07-21 10:50:35.656 [restartedMain] INFO  org.apache.catalina.core.AprLifecycleListener - APR/OpenSSL configuration: useAprConnector [false], useOpenSSL [true]
2022-07-21 10:50:35.677 [restartedMain] INFO  org.apache.catalina.core.AprLifecycleListener - OpenSSL successfully initialized [OpenSSL 1.1.1k  25 Mar 2021]
2022-07-21 10:50:35.694 [restartedMain] INFO  org.apache.coyote.http11.Http11NioProtocol - Initializing ProtocolHandler ["http-nio-8001"]
2022-07-21 10:50:35.695 [restartedMain] INFO  org.apache.catalina.core.StandardService - Starting service [Tomcat]
2022-07-21 10:50:35.696 [restartedMain] INFO  org.apache.catalina.core.StandardEngine - Starting Servlet engine: [Apache Tomcat/9.0.58]
2022-07-21 10:50:35.949 [restartedMain] INFO  o.a.c.core.ContainerBase.[Tomcat].[localhost].[/] - Initializing Spring embedded WebApplicationContext
2022-07-21 10:50:35.949 [restartedMain] INFO  o.s.b.w.s.c.ServletWebServerApplicationContext - Root WebApplicationContext: initialization completed in 4166 ms
2022-07-21 10:50:40.588 [restartedMain] INFO  o.s.b.d.autoconfigure.OptionalLiveReloadServer - LiveReload server is running on port 35729
2022-07-21 10:50:40.626 [restartedMain] INFO  o.s.cloud.openfeign.FeignClientFactoryBean - For 'service-vod' URL not provided. Will try picking an instance via load-balancing.
2022-07-21 10:50:41.200 [restartedMain] INFO  c.alibaba.cloud.sentinel.SentinelWebMvcConfigurer - [Sentinel Starter] register SentinelWebInterceptor with urlPatterns: [/**].
2022-07-21 10:50:44.193 [restartedMain] INFO  org.springframework.cloud.commons.util.InetUtils - Cannot determine local hostname
2022-07-21 10:50:47.108 [restartedMain] INFO  org.springframework.cloud.commons.util.InetUtils - Cannot determine local hostname
2022-07-21 10:50:47.798 [restartedMain] INFO  org.apache.coyote.http11.Http11NioProtocol - Starting ProtocolHandler ["http-nio-8001"]
2022-07-21 10:50:47.824 [restartedMain] INFO  o.s.boot.web.embedded.tomcat.TomcatWebServer - Tomcat started on port(s): 8001 (http) with context path ''
2022-07-21 10:50:47.872 [restartedMain] INFO  c.a.cloud.nacos.registry.NacosServiceRegistry - nacos registry, ONLINE_EDUCATION service-edu 192.168.83.1:8001 register finished
2022-07-21 10:50:50.184 [restartedMain] INFO  org.springframework.cloud.commons.util.InetUtils - Cannot determine local hostname
2022-07-21 10:50:50.587 [restartedMain] INFO  com.xian.eduservice.EduApplication - Started EduApplication in 26.988 seconds (JVM running for 33.228)
2022-07-21 10:50:50.594 [restartedMain] INFO  c.a.cloud.nacos.refresh.NacosContextRefresher - listening config: dataId=Redis.yml, group=ONLINE_EDUCATION
2022-07-21 10:50:50.596 [restartedMain] INFO  c.a.cloud.nacos.refresh.NacosContextRefresher - listening config: dataId=Nacos.yml, group=ONLINE_EDUCATION
2022-07-21 10:50:50.599 [restartedMain] INFO  c.a.cloud.nacos.refresh.NacosContextRefresher - listening config: dataId=service-edu-dev.yaml, group=ONLINE_EDUCATION
2022-07-21 10:50:50.601 [restartedMain] INFO  c.a.cloud.nacos.refresh.NacosContextRefresher - listening config: dataId=Database.yml, group=ONLINE_EDUCATION
2022-07-21 10:50:50.602 [restartedMain] INFO  c.a.cloud.nacos.refresh.NacosContextRefresher - listening config: dataId=service-edu.yaml, group=ONLINE_EDUCATION
2022-07-21 10:50:50.604 [restartedMain] INFO  c.a.cloud.nacos.refresh.NacosContextRefresher - listening config: dataId=Sentinel.yml, group=ONLINE_EDUCATION
2022-07-21 10:50:50.605 [restartedMain] INFO  c.a.cloud.nacos.refresh.NacosContextRefresher - listening config: dataId=service-edu, group=ONLINE_EDUCATION
2022-07-21 21:48:35.135 [restartedMain] INFO  o.s.c.b.c.PropertySourceBootstrapConfiguration - Located property source: [BootstrapPropertySource {name='bootstrapProperties-service-edu-dev.yaml,ONLINE_EDUCATION'}, BootstrapPropertySource {name='bootstrapProperties-service-edu.yaml,ONLINE_EDUCATION'}, BootstrapPropertySource {name='bootstrapProperties-service-edu,ONLINE_EDUCATION'}, BootstrapPropertySource {name='bootstrapProperties-Sentinel.yml,ONLINE_EDUCATION'}, BootstrapPropertySource {name='bootstrapProperties-Nacos.yml,ONLINE_EDUCATION'}, BootstrapPropertySource {name='bootstrapProperties-Redis.yml,ONLINE_EDUCATION'}, BootstrapPropertySource {name='bootstrapProperties-Database.yml,ONLINE_EDUCATION'}]
2022-07-21 21:48:35.152 [restartedMain] INFO  com.xian.eduservice.EduApplication - The following 1 profile is active: "dev"
2022-07-21 21:48:37.203 [restartedMain] INFO  o.s.d.r.config.RepositoryConfigurationDelegate - Multiple Spring Data modules found, entering strict repository configuration mode!
2022-07-21 21:48:37.203 [restartedMain] INFO  o.s.d.r.config.RepositoryConfigurationDelegate - Bootstrapping Spring Data Redis repositories in DEFAULT mode.
2022-07-21 21:48:37.283 [restartedMain] INFO  o.s.d.r.config.RepositoryConfigurationDelegate - Finished Spring Data repository scanning in 27 ms. Found 0 Redis repository interfaces.
2022-07-21 21:48:37.853 [restartedMain] INFO  o.springframework.cloud.context.scope.GenericScope - BeanFactory id=544982a5-a251-3391-8447-45d6126898a1
2022-07-21 21:48:38.731 [restartedMain] INFO  o.s.c.s.PostProcessorRegistrationDelegate$BeanPostProcessorChecker - Bean 'org.springframework.cloud.commons.config.CommonsConfigAutoConfiguration' of type [org.springframework.cloud.commons.config.CommonsConfigAutoConfiguration] is not eligible for getting processed by all BeanPostProcessors (for example: not eligible for auto-proxying)
2022-07-21 21:48:38.744 [restartedMain] INFO  o.s.c.s.PostProcessorRegistrationDelegate$BeanPostProcessorChecker - Bean 'org.springframework.cloud.client.loadbalancer.LoadBalancerDefaultMappingsProviderAutoConfiguration' of type [org.springframework.cloud.client.loadbalancer.LoadBalancerDefaultMappingsProviderAutoConfiguration] is not eligible for getting processed by all BeanPostProcessors (for example: not eligible for auto-proxying)
2022-07-21 21:48:38.748 [restartedMain] INFO  o.s.c.s.PostProcessorRegistrationDelegate$BeanPostProcessorChecker - Bean 'loadBalancerClientsDefaultsMappingsProvider' of type [org.springframework.cloud.client.loadbalancer.LoadBalancerDefaultMappingsProviderAutoConfiguration$$Lambda$478/603190690] is not eligible for getting processed by all BeanPostProcessors (for example: not eligible for auto-proxying)
2022-07-21 21:48:38.760 [restartedMain] INFO  o.s.c.s.PostProcessorRegistrationDelegate$BeanPostProcessorChecker - Bean 'defaultsBindHandlerAdvisor' of type [org.springframework.cloud.commons.config.DefaultsBindHandlerAdvisor] is not eligible for getting processed by all BeanPostProcessors (for example: not eligible for auto-proxying)
2022-07-21 21:48:38.774 [restartedMain] INFO  o.s.c.s.PostProcessorRegistrationDelegate$BeanPostProcessorChecker - Bean 'spring.cloud.sentinel-com.alibaba.cloud.sentinel.SentinelProperties' of type [com.alibaba.cloud.sentinel.SentinelProperties] is not eligible for getting processed by all BeanPostProcessors (for example: not eligible for auto-proxying)
2022-07-21 21:48:38.897 [restartedMain] INFO  o.s.c.s.PostProcessorRegistrationDelegate$BeanPostProcessorChecker - Bean 'com.alibaba.cloud.sentinel.custom.SentinelAutoConfiguration' of type [com.alibaba.cloud.sentinel.custom.SentinelAutoConfiguration] is not eligible for getting processed by all BeanPostProcessors (for example: not eligible for auto-proxying)
2022-07-21 21:48:39.978 [restartedMain] INFO  o.s.boot.web.embedded.tomcat.TomcatWebServer - Tomcat initialized with port(s): 8001 (http)
2022-07-21 21:48:39.978 [restartedMain] INFO  org.apache.catalina.core.AprLifecycleListener - Loaded Apache Tomcat Native library [1.2.30] using APR version [1.7.0].
2022-07-21 21:48:39.978 [restartedMain] INFO  org.apache.catalina.core.AprLifecycleListener - APR capabilities: IPv6 [true], sendfile [true], accept filters [false], random [true], UDS [true].
2022-07-21 21:48:39.978 [restartedMain] INFO  org.apache.catalina.core.AprLifecycleListener - APR/OpenSSL configuration: useAprConnector [false], useOpenSSL [true]
2022-07-21 21:48:39.988 [restartedMain] INFO  org.apache.catalina.core.AprLifecycleListener - OpenSSL successfully initialized [OpenSSL 1.1.1k  25 Mar 2021]
2022-07-21 21:48:40.008 [restartedMain] INFO  org.apache.coyote.http11.Http11NioProtocol - Initializing ProtocolHandler ["http-nio-8001"]
2022-07-21 21:48:40.008 [restartedMain] INFO  org.apache.catalina.core.StandardService - Starting service [Tomcat]
2022-07-21 21:48:40.008 [restartedMain] INFO  org.apache.catalina.core.StandardEngine - Starting Servlet engine: [Apache Tomcat/9.0.58]
2022-07-21 21:48:40.328 [restartedMain] INFO  o.a.c.core.ContainerBase.[Tomcat].[localhost].[/] - Initializing Spring embedded WebApplicationContext
2022-07-21 21:48:40.328 [restartedMain] INFO  o.s.b.w.s.c.ServletWebServerApplicationContext - Root WebApplicationContext: initialization completed in 5135 ms
2022-07-21 21:48:49.567 [restartedMain] INFO  o.s.cloud.openfeign.FeignClientFactoryBean - For 'service-vod' URL not provided. Will try picking an instance via load-balancing.
2022-07-21 21:48:50.878 [restartedMain] INFO  c.alibaba.cloud.sentinel.SentinelWebMvcConfigurer - [Sentinel Starter] register SentinelWebInterceptor with urlPatterns: [/**].
2022-07-21 21:48:55.688 [restartedMain] INFO  org.apache.coyote.http11.Http11NioProtocol - Starting ProtocolHandler ["http-nio-8001"]
2022-07-21 21:48:56.101 [restartedMain] INFO  o.s.boot.web.embedded.tomcat.TomcatWebServer - Tomcat started on port(s): 8001 (http) with context path ''
2022-07-21 21:48:56.154 [restartedMain] INFO  c.a.cloud.nacos.registry.NacosServiceRegistry - nacos registry, ONLINE_EDUCATION service-edu 192.168.83.1:8001 register finished
2022-07-21 21:48:59.493 [restartedMain] INFO  com.xian.eduservice.EduApplication - Started EduApplication in 33.94 seconds (JVM running for 37.096)
2022-07-21 21:48:59.510 [restartedMain] INFO  c.a.cloud.nacos.refresh.NacosContextRefresher - listening config: dataId=Redis.yml, group=ONLINE_EDUCATION
2022-07-21 21:48:59.514 [restartedMain] INFO  c.a.cloud.nacos.refresh.NacosContextRefresher - listening config: dataId=Nacos.yml, group=ONLINE_EDUCATION
2022-07-21 21:48:59.518 [restartedMain] INFO  c.a.cloud.nacos.refresh.NacosContextRefresher - listening config: dataId=service-edu-dev.yaml, group=ONLINE_EDUCATION
2022-07-21 21:48:59.522 [restartedMain] INFO  c.a.cloud.nacos.refresh.NacosContextRefresher - listening config: dataId=Database.yml, group=ONLINE_EDUCATION
2022-07-21 21:48:59.524 [restartedMain] INFO  c.a.cloud.nacos.refresh.NacosContextRefresher - listening config: dataId=service-edu.yaml, group=ONLINE_EDUCATION
2022-07-21 21:48:59.528 [restartedMain] INFO  c.a.cloud.nacos.refresh.NacosContextRefresher - listening config: dataId=Sentinel.yml, group=ONLINE_EDUCATION
2022-07-21 21:48:59.531 [restartedMain] INFO  c.a.cloud.nacos.refresh.NacosContextRefresher - listening config: dataId=service-edu, group=ONLINE_EDUCATION
2022-07-21 21:54:20.117 [http-nio-8001-exec-2] INFO  o.a.c.core.ContainerBase.[Tomcat].[localhost].[/] - Initializing Spring DispatcherServlet 'dispatcherServlet'
2022-07-21 21:54:20.119 [http-nio-8001-exec-2] INFO  org.springframework.web.servlet.DispatcherServlet - Initializing Servlet 'dispatcherServlet'
2022-07-21 21:54:20.121 [http-nio-8001-exec-2] INFO  org.springframework.web.servlet.DispatcherServlet - Completed initialization in 2 ms
2022-07-21 21:54:20.432 [http-nio-8001-exec-2] INFO  com.zaxxer.hikari.HikariDataSource - HikariPool-1 - Starting...
2022-07-21 21:54:30.871 [http-nio-8001-exec-2] INFO  com.zaxxer.hikari.HikariDataSource - HikariPool-1 - Start completed.
2022-07-21 21:54:52.546 [restartedMain] INFO  o.s.c.b.c.PropertySourceBootstrapConfiguration - Located property source: [BootstrapPropertySource {name='bootstrapProperties-service-edu-dev.yaml,ONLINE_EDUCATION'}, BootstrapPropertySource {name='bootstrapProperties-service-edu.yaml,ONLINE_EDUCATION'}, BootstrapPropertySource {name='bootstrapProperties-service-edu,ONLINE_EDUCATION'}, BootstrapPropertySource {name='bootstrapProperties-Sentinel.yml,ONLINE_EDUCATION'}, BootstrapPropertySource {name='bootstrapProperties-Nacos.yml,ONLINE_EDUCATION'}, BootstrapPropertySource {name='bootstrapProperties-Redis.yml,ONLINE_EDUCATION'}, BootstrapPropertySource {name='bootstrapProperties-Database.yml,ONLINE_EDUCATION'}]
2022-07-21 21:54:52.553 [restartedMain] INFO  com.xian.eduservice.EduApplication - The following 1 profile is active: "dev"
2022-07-21 21:54:53.749 [restartedMain] INFO  o.s.d.r.config.RepositoryConfigurationDelegate - Multiple Spring Data modules found, entering strict repository configuration mode!
2022-07-21 21:54:53.749 [restartedMain] INFO  o.s.d.r.config.RepositoryConfigurationDelegate - Bootstrapping Spring Data Redis repositories in DEFAULT mode.
2022-07-21 21:54:53.779 [restartedMain] INFO  o.s.d.r.config.RepositoryConfigurationDelegate - Finished Spring Data repository scanning in 12 ms. Found 0 Redis repository interfaces.
2022-07-21 21:54:54.088 [restartedMain] INFO  o.springframework.cloud.context.scope.GenericScope - BeanFactory id=544982a5-a251-3391-8447-45d6126898a1
2022-07-21 21:54:54.538 [restartedMain] INFO  o.s.c.s.PostProcessorRegistrationDelegate$BeanPostProcessorChecker - Bean 'org.springframework.cloud.commons.config.CommonsConfigAutoConfiguration' of type [org.springframework.cloud.commons.config.CommonsConfigAutoConfiguration] is not eligible for getting processed by all BeanPostProcessors (for example: not eligible for auto-proxying)
2022-07-21 21:54:54.538 [restartedMain] INFO  o.s.c.s.PostProcessorRegistrationDelegate$BeanPostProcessorChecker - Bean 'org.springframework.cloud.client.loadbalancer.LoadBalancerDefaultMappingsProviderAutoConfiguration' of type [org.springframework.cloud.client.loadbalancer.LoadBalancerDefaultMappingsProviderAutoConfiguration] is not eligible for getting processed by all BeanPostProcessors (for example: not eligible for auto-proxying)
2022-07-21 21:54:54.538 [restartedMain] INFO  o.s.c.s.PostProcessorRegistrationDelegate$BeanPostProcessorChecker - Bean 'loadBalancerClientsDefaultsMappingsProvider' of type [org.springframework.cloud.client.loadbalancer.LoadBalancerDefaultMappingsProviderAutoConfiguration$$Lambda$478/1117809897] is not eligible for getting processed by all BeanPostProcessors (for example: not eligible for auto-proxying)
2022-07-21 21:54:54.548 [restartedMain] INFO  o.s.c.s.PostProcessorRegistrationDelegate$BeanPostProcessorChecker - Bean 'defaultsBindHandlerAdvisor' of type [org.springframework.cloud.commons.config.DefaultsBindHandlerAdvisor] is not eligible for getting processed by all BeanPostProcessors (for example: not eligible for auto-proxying)
2022-07-21 21:54:54.558 [restartedMain] INFO  o.s.c.s.PostProcessorRegistrationDelegate$BeanPostProcessorChecker - Bean 'spring.cloud.sentinel-com.alibaba.cloud.sentinel.SentinelProperties' of type [com.alibaba.cloud.sentinel.SentinelProperties] is not eligible for getting processed by all BeanPostProcessors (for example: not eligible for auto-proxying)
2022-07-21 21:54:54.568 [restartedMain] INFO  o.s.c.s.PostProcessorRegistrationDelegate$BeanPostProcessorChecker - Bean 'com.alibaba.cloud.sentinel.custom.SentinelAutoConfiguration' of type [com.alibaba.cloud.sentinel.custom.SentinelAutoConfiguration] is not eligible for getting processed by all BeanPostProcessors (for example: not eligible for auto-proxying)
2022-07-21 21:54:55.123 [restartedMain] INFO  o.s.boot.web.embedded.tomcat.TomcatWebServer - Tomcat initialized with port(s): 8001 (http)
2022-07-21 21:54:55.125 [restartedMain] INFO  org.apache.catalina.core.AprLifecycleListener - Loaded Apache Tomcat Native library [1.2.30] using APR version [1.7.0].
2022-07-21 21:54:55.125 [restartedMain] INFO  org.apache.catalina.core.AprLifecycleListener - APR capabilities: IPv6 [true], sendfile [true], accept filters [false], random [true], UDS [true].
2022-07-21 21:54:55.125 [restartedMain] INFO  org.apache.catalina.core.AprLifecycleListener - APR/OpenSSL configuration: useAprConnector [false], useOpenSSL [true]
2022-07-21 21:54:55.130 [restartedMain] INFO  org.apache.catalina.core.AprLifecycleListener - OpenSSL successfully initialized [OpenSSL 1.1.1k  25 Mar 2021]
2022-07-21 21:54:55.142 [restartedMain] INFO  org.apache.coyote.http11.Http11NioProtocol - Initializing ProtocolHandler ["http-nio-8001"]
2022-07-21 21:54:55.143 [restartedMain] INFO  org.apache.catalina.core.StandardService - Starting service [Tomcat]
2022-07-21 21:54:55.144 [restartedMain] INFO  org.apache.catalina.core.StandardEngine - Starting Servlet engine: [Apache Tomcat/9.0.58]
2022-07-21 21:54:55.331 [restartedMain] INFO  o.a.c.core.ContainerBase.[Tomcat].[localhost].[/] - Initializing Spring embedded WebApplicationContext
2022-07-21 21:54:55.332 [restartedMain] INFO  o.s.b.w.s.c.ServletWebServerApplicationContext - Root WebApplicationContext: initialization completed in 2761 ms
2022-07-21 21:54:58.697 [restartedMain] INFO  o.s.cloud.openfeign.FeignClientFactoryBean - For 'service-vod' URL not provided. Will try picking an instance via load-balancing.
2022-07-21 21:54:59.308 [restartedMain] INFO  c.alibaba.cloud.sentinel.SentinelWebMvcConfigurer - [Sentinel Starter] register SentinelWebInterceptor with urlPatterns: [/**].
2022-07-21 21:55:02.768 [restartedMain] INFO  org.apache.coyote.http11.Http11NioProtocol - Starting ProtocolHandler ["http-nio-8001"]
2022-07-21 21:55:02.788 [restartedMain] INFO  o.s.boot.web.embedded.tomcat.TomcatWebServer - Tomcat started on port(s): 8001 (http) with context path ''
2022-07-21 21:55:02.834 [restartedMain] INFO  c.a.cloud.nacos.registry.NacosServiceRegistry - nacos registry, ONLINE_EDUCATION service-edu 192.168.83.1:8001 register finished
2022-07-21 21:55:04.084 [restartedMain] INFO  com.xian.eduservice.EduApplication - Started EduApplication in 16.054 seconds (JVM running for 20.485)
2022-07-21 21:55:04.093 [restartedMain] INFO  c.a.cloud.nacos.refresh.NacosContextRefresher - listening config: dataId=Redis.yml, group=ONLINE_EDUCATION
2022-07-21 21:55:04.095 [restartedMain] INFO  c.a.cloud.nacos.refresh.NacosContextRefresher - listening config: dataId=Nacos.yml, group=ONLINE_EDUCATION
2022-07-21 21:55:04.097 [restartedMain] INFO  c.a.cloud.nacos.refresh.NacosContextRefresher - listening config: dataId=service-edu-dev.yaml, group=ONLINE_EDUCATION
2022-07-21 21:55:04.098 [restartedMain] INFO  c.a.cloud.nacos.refresh.NacosContextRefresher - listening config: dataId=Database.yml, group=ONLINE_EDUCATION
2022-07-21 21:55:04.099 [restartedMain] INFO  c.a.cloud.nacos.refresh.NacosContextRefresher - listening config: dataId=service-edu.yaml, group=ONLINE_EDUCATION
2022-07-21 21:55:04.100 [restartedMain] INFO  c.a.cloud.nacos.refresh.NacosContextRefresher - listening config: dataId=Sentinel.yml, group=ONLINE_EDUCATION
2022-07-21 21:55:04.101 [restartedMain] INFO  c.a.cloud.nacos.refresh.NacosContextRefresher - listening config: dataId=service-edu, group=ONLINE_EDUCATION
2022-07-21 21:55:13.836 [http-nio-8001-exec-1] INFO  o.a.c.core.ContainerBase.[Tomcat].[localhost].[/] - Initializing Spring DispatcherServlet 'dispatcherServlet'
2022-07-21 21:55:13.836 [http-nio-8001-exec-1] INFO  org.springframework.web.servlet.DispatcherServlet - Initializing Servlet 'dispatcherServlet'
2022-07-21 21:55:13.839 [http-nio-8001-exec-1] INFO  org.springframework.web.servlet.DispatcherServlet - Completed initialization in 2 ms
2022-07-21 21:55:14.127 [http-nio-8001-exec-1] INFO  com.zaxxer.hikari.HikariDataSource - HikariPool-1 - Starting...
2022-07-21 21:55:15.476 [http-nio-8001-exec-1] INFO  com.zaxxer.hikari.HikariDataSource - HikariPool-1 - Start completed.
2022-07-21 22:00:14.982 [SpringApplicationShutdownHook] INFO  c.a.cloud.nacos.registry.NacosServiceRegistry - De-registering from Nacos Server now...
2022-07-21 22:00:15.021 [SpringApplicationShutdownHook] INFO  c.a.cloud.nacos.registry.NacosServiceRegistry - De-registration finished.
2022-07-21 22:00:22.304 [SpringApplicationShutdownHook] INFO  com.zaxxer.hikari.HikariDataSource - HikariPool-1 - Shutdown initiated...
2022-07-21 22:00:22.324 [SpringApplicationShutdownHook] INFO  com.zaxxer.hikari.HikariDataSource - HikariPool-1 - Shutdown completed.
